-------------------------------------------------------------------------------
--- Testing umash32_hi "umash 32 hi" GOOD

[[[ Sanity Tests ]]]

Verification value 0x0CC4850F ....... PASS
Running sanity check 1     .......... PASS
Running AppendedZeroesTest .......... PASS

[[[ Speed Tests ]]]

Bulk speed test - 262144-byte keys
Alignment  7 - 16.733 bytes/cycle - 31915.75 MiB/sec @ 2000 MHz
Alignment  6 - 16.702 bytes/cycle - 31856.08 MiB/sec @ 2000 MHz
Alignment  5 - 16.699 bytes/cycle - 31850.12 MiB/sec @ 2000 MHz
Alignment  4 - 16.720 bytes/cycle - 31891.61 MiB/sec @ 2000 MHz
Alignment  3 - 16.704 bytes/cycle - 31860.96 MiB/sec @ 2000 MHz
Alignment  2 - 16.703 bytes/cycle - 31858.32 MiB/sec @ 2000 MHz
Alignment  1 - 16.711 bytes/cycle - 31873.53 MiB/sec @ 2000 MHz
Alignment  0 - 16.757 bytes/cycle - 31962.09 MiB/sec @ 2000 MHz
Average      - 16.716 bytes/cycle - 31883.56 MiB/sec @ 2000 MHz

Small key speed test -    1-byte keys -    15.57 cycles/hash
Small key speed test -    2-byte keys -    15.27 cycles/hash
Small key speed test -    3-byte keys -    15.00 cycles/hash
Small key speed test -    4-byte keys -    15.00 cycles/hash
Small key speed test -    5-byte keys -    15.00 cycles/hash
Small key speed test -    6-byte keys -    15.00 cycles/hash
Small key speed test -    7-byte keys -    15.00 cycles/hash
Small key speed test -    8-byte keys -    15.00 cycles/hash
Small key speed test -    9-byte keys -    20.00 cycles/hash
Small key speed test -   10-byte keys -    20.00 cycles/hash
Small key speed test -   11-byte keys -    20.00 cycles/hash
Small key speed test -   12-byte keys -    20.00 cycles/hash
Small key speed test -   13-byte keys -    20.00 cycles/hash
Small key speed test -   14-byte keys -    20.00 cycles/hash
Small key speed test -   15-byte keys -    20.00 cycles/hash
Small key speed test -   16-byte keys -    20.00 cycles/hash
Small key speed test -   17-byte keys -    27.00 cycles/hash
Small key speed test -   18-byte keys -    27.00 cycles/hash
Small key speed test -   19-byte keys -    27.00 cycles/hash
Small key speed test -   20-byte keys -    27.00 cycles/hash
Small key speed test -   21-byte keys -    27.18 cycles/hash
Small key speed test -   22-byte keys -    27.00 cycles/hash
Small key speed test -   23-byte keys -    27.00 cycles/hash
Small key speed test -   24-byte keys -    27.00 cycles/hash
Small key speed test -   25-byte keys -    27.19 cycles/hash
Small key speed test -   26-byte keys -    27.00 cycles/hash
Small key speed test -   27-byte keys -    27.14 cycles/hash
Small key speed test -   28-byte keys -    27.00 cycles/hash
Small key speed test -   29-byte keys -    27.25 cycles/hash
Small key speed test -   30-byte keys -    27.00 cycles/hash
Small key speed test -   31-byte keys -    27.00 cycles/hash
Small key speed test -   32-byte keys -    27.59 cycles/hash
Average                                    22.318 cycles/hash
Average, weighted by key length freq.      22.866 cycles/hash (using 93.0% of top-7m Tranco DNS names dataset)
Average, weighted by key length freq.      19.551 cycles/hash (using 27.1% of startup-1M UMASH trace dataset)

[[[ 'Hashmap' Speed Tests ]]]

std::unordered_map
Init std HashMapTest:     201.641 cycles/op (104334 inserts, 1% deletions)
Running std HashMapTest:  137.768 cycles/op (0.4 stdv)

greg7mdp/parallel-hashmap
Init fast HashMapTest:    162.928 cycles/op (104334 inserts, 1% deletions)
Running fast HashMapTest: 117.288 cycles/op (0.5 stdv)  ....... PASS

[[[ Avalanche Tests ]]]

Testing   24-bit keys ->  32-bit hashes, 300000 reps.......... worst bias is 0.552000%
Testing   32-bit keys ->  32-bit hashes, 300000 reps.......... worst bias is 0.656667%
Testing   40-bit keys ->  32-bit hashes, 300000 reps.......... worst bias is 0.594000%
Testing   48-bit keys ->  32-bit hashes, 300000 reps.......... worst bias is 0.618667%
Testing   56-bit keys ->  32-bit hashes, 300000 reps.......... worst bias is 0.714000%
Testing   64-bit keys ->  32-bit hashes, 300000 reps.......... worst bias is 0.612000%
Testing   72-bit keys ->  32-bit hashes, 300000 reps.......... worst bias is 0.654667%
Testing   80-bit keys ->  32-bit hashes, 300000 reps.......... worst bias is 0.728000%
Testing   96-bit keys ->  32-bit hashes, 300000 reps.......... worst bias is 0.688000%
Testing  112-bit keys ->  32-bit hashes, 300000 reps.......... worst bias is 0.604667%
Testing  128-bit keys ->  32-bit hashes, 300000 reps.......... worst bias is 0.660667%
Testing  160-bit keys ->  32-bit hashes, 300000 reps.......... worst bias is 0.726000%
Testing  512-bit keys ->  32-bit hashes, 300000 reps.......... worst bias is 0.710000%
Testing 1024-bit keys ->  32-bit hashes, 300000 reps.......... worst bias is 0.760000%

[[[ Keyset 'Sparse' Tests ]]]

Keyset 'Sparse' - 16-bit keys with up to 9 bits set - 50643 keys
Testing collisions ( 32-bit) - Expected    0.3, actual      0 (0.00x)
Testing collisions (high 19-25 bits) - Worst is 20 bits: 1251/1203 (1.04x)
Testing collisions (low  19-25 bits) - Worst is 24 bits: 83/76 (1.09x)
Testing distribution - Worst bias is the 13-bit window at bit 18 - 0.415%

Keyset 'Sparse' - 24-bit keys with up to 8 bits set - 1271626 keys
Testing collisions ( 32-bit) - Expected  188.2, actual    178 (0.95x)
Testing distribution - Worst bias is the 17-bit window at bit 27 - 0.098%

Keyset 'Sparse' - 32-bit keys with up to 7 bits set - 4514873 keys
Testing collisions ( 32-bit) - Expected 2372.2, actual   2383 (1.00x) (11)
Testing distribution - Worst bias is the 19-bit window at bit 31 - 0.048%

Keyset 'Sparse' - 40-bit keys with up to 6 bits set - 4598479 keys
Testing collisions ( 32-bit) - Expected 2460.8, actual   2444 (0.99x) (-16)
Testing distribution - Worst bias is the 19-bit window at bit 15 - 0.037%

Keyset 'Sparse' - 48-bit keys with up to 6 bits set - 14196869 keys
Testing collisions ( 32-bit) - Expected 23437.8, actual  23219 (0.99x) (-218)
Testing distribution - Worst bias is the 20-bit window at bit  1 - 0.017%

Keyset 'Sparse' - 56-bit keys with up to 5 bits set - 4216423 keys
Testing collisions ( 32-bit) - Expected 2069.0, actual   2069 (1.00x) (1)
Testing distribution - Worst bias is the 19-bit window at bit  7 - 0.018%

Keyset 'Sparse' - 64-bit keys with up to 5 bits set - 8303633 keys
Testing collisions ( 32-bit) - Expected 8021.7, actual   7993 (1.00x) (-28)
Testing distribution - Worst bias is the 20-bit window at bit 30 - 0.035%

Keyset 'Sparse' - 72-bit keys with up to 5 bits set - 15082603 keys
Testing collisions ( 32-bit) - Expected 26451.8, actual  26558 (1.00x) (107)
Testing distribution - Worst bias is the 20-bit window at bit 21 - 0.027%

Keyset 'Sparse' - 96-bit keys with up to 4 bits set - 3469497 keys
Testing collisions ( 32-bit) - Expected 1401.0, actual   1360 (0.97x)
Testing distribution - Worst bias is the 19-bit window at bit  8 - 0.060%

Keyset 'Sparse' - 160-bit keys with up to 4 bits set - 26977161 keys
Testing collisions ( 32-bit) - Expected 84546.1, actual  84831 (1.00x) (285)
Testing distribution - Worst bias is the 20-bit window at bit 25 - 0.009%

Keyset 'Sparse' - 256-bit keys with up to 3 bits set - 2796417 keys
Testing collisions ( 32-bit) - Expected  910.2, actual    910 (1.00x)
Testing distribution - Worst bias is the 19-bit window at bit 15 - 0.067%

Keyset 'Sparse' - 512-bit keys with up to 3 bits set - 22370049 keys
Testing collisions ( 32-bit) - Expected 58155.4, actual  58093 (1.00x) (-62)
Testing distribution - Worst bias is the 20-bit window at bit 31 - 0.016%

Keyset 'Sparse' - 1024-bit keys with up to 2 bits set - 524801 keys
Testing collisions ( 32-bit) - Expected   32.1, actual     21 (0.65x)
Testing distribution - Worst bias is the 16-bit window at bit  3 - 0.112%

Keyset 'Sparse' - 2048-bit keys with up to 2 bits set - 2098177 keys
Testing collisions ( 32-bit) - Expected  512.4, actual    510 (1.00x) (-2)
Testing distribution - Worst bias is the 18-bit window at bit 17 - 0.059%


[[[ Keyset 'Permutation' Tests ]]]

Combination Lowbits Tests:
Keyset 'Combination' - up to 7 blocks from a set of 8 - 2396744 keys
Testing collisions ( 32-bit) - Expected  668.6, actual    668 (1.00x)
Testing distribution - Worst bias is the 18-bit window at bit  1 - 0.053%


Combination Highbits Tests
Keyset 'Combination' - up to 7 blocks from a set of 8 - 2396744 keys
Testing collisions ( 32-bit) - Expected  668.6, actual    631 (0.94x)
Testing distribution - Worst bias is the 17-bit window at bit 10 - 0.054%


Combination Hi-Lo Tests:
Keyset 'Combination' - up to 6 blocks from a set of 15 - 12204240 keys
Testing collisions ( 32-bit) - Expected 17322.9, actual  17533 (1.01x) (211)
Testing distribution - Worst bias is the 20-bit window at bit 11 - 0.042%


Combination 0x80000000 Tests:
Keyset 'Combination' - up to 22 blocks from a set of 2 - 8388606 keys
Testing collisions ( 32-bit) - Expected 8186.7, actual   8269 (1.01x) (83)
Testing distribution - Worst bias is the 20-bit window at bit 21 - 0.053%


Combination 0x00000001 Tests:
Keyset 'Combination' - up to 22 blocks from a set of 2 - 8388606 keys
Testing collisions ( 32-bit) - Expected 8186.7, actual   8210 (1.00x) (24)
Testing distribution - Worst bias is the 20-bit window at bit 12 - 0.029%


Combination 0x8000000000000000 Tests:
Keyset 'Combination' - up to 22 blocks from a set of 2 - 8388606 keys
Testing collisions ( 32-bit) - Expected 8186.7, actual   8135 (0.99x) (-51)
Testing distribution - Worst bias is the 20-bit window at bit  1 - 0.027%


Combination 0x0000000000000001 Tests:
Keyset 'Combination' - up to 22 blocks from a set of 2 - 8388606 keys
Testing collisions ( 32-bit) - Expected 8186.7, actual   8206 (1.00x) (20)
Testing distribution - Worst bias is the 20-bit window at bit 20 - 0.026%


Combination 16-bytes [0-1] Tests:
Keyset 'Combination' - up to 22 blocks from a set of 2 - 8388606 keys
Testing collisions ( 32-bit) - Expected 8186.7, actual   8280 (1.01x) (94)
Testing distribution - Worst bias is the 20-bit window at bit  6 - 0.040%


Combination 16-bytes [0-last] Tests:
Keyset 'Combination' - up to 22 blocks from a set of 2 - 8388606 keys
Testing collisions ( 32-bit) - Expected 8186.7, actual   8053 (0.98x) (-133)
Testing distribution - Worst bias is the 20-bit window at bit 26 - 0.023%


Combination 32-bytes [0-1] Tests:
Keyset 'Combination' - up to 22 blocks from a set of 2 - 8388606 keys
Testing collisions ( 32-bit) - Expected 8186.7, actual   8252 (1.01x) (66)
Testing distribution - Worst bias is the 20-bit window at bit 25 - 0.041%


Combination 32-bytes [0-last] Tests:
Keyset 'Combination' - up to 22 blocks from a set of 2 - 8388606 keys
Testing collisions ( 32-bit) - Expected 8186.7, actual   8063 (0.98x) (-123)
Testing distribution - Worst bias is the 20-bit window at bit 20 - 0.018%


Combination 64-bytes [0-1] Tests:
Keyset 'Combination' - up to 22 blocks from a set of 2 - 8388606 keys
Testing collisions ( 32-bit) - Expected 8186.7, actual   8216 (1.00x) (30)
Testing distribution - Worst bias is the 20-bit window at bit  7 - 0.025%


Combination 64-bytes [0-last] Tests:
Keyset 'Combination' - up to 22 blocks from a set of 2 - 8388606 keys
Testing collisions ( 32-bit) - Expected 8186.7, actual   8196 (1.00x) (10)
Testing distribution - Worst bias is the 20-bit window at bit 10 - 0.048%


Combination 128-bytes [0-1] Tests:
Keyset 'Combination' - up to 22 blocks from a set of 2 - 8388606 keys
Testing collisions ( 32-bit) - Expected 8186.7, actual   8256 (1.01x) (70)
Testing distribution - Worst bias is the 20-bit window at bit  4 - 0.046%


Combination 128-bytes [0-last] Tests:
Keyset 'Combination' - up to 22 blocks from a set of 2 - 8388606 keys
Testing collisions ( 32-bit) - Expected 8186.7, actual   8412 (1.03x) (226)
Testing distribution - Worst bias is the 20-bit window at bit 18 - 0.054%


[[[ Keyset 'Window' Tests ]]]

Keyset 'Window' -  72-bit key,  20-bit window - 72 tests, 1048576 keys per test
Window at   0 - Testing collisions ( 32-bit) - Expected  128.0, actual    140 (1.09x) (13)
Window at   1 - Testing collisions ( 32-bit) - Expected  128.0, actual    125 (0.98x)
Window at   2 - Testing collisions ( 32-bit) - Expected  128.0, actual    136 (1.06x) (9)
Window at   3 - Testing collisions ( 32-bit) - Expected  128.0, actual    131 (1.02x) (4)
Window at   4 - Testing collisions ( 32-bit) - Expected  128.0, actual    124 (0.97x)
Window at   5 - Testing collisions ( 32-bit) - Expected  128.0, actual    130 (1.02x) (3)
Window at   6 - Testing collisions ( 32-bit) - Expected  128.0, actual    130 (1.02x) (3)
Window at   7 - Testing collisions ( 32-bit) - Expected  128.0, actual    134 (1.05x) (7)
Window at   8 - Testing collisions ( 32-bit) - Expected  128.0, actual    141 (1.10x) (14)
Window at   9 - Testing collisions ( 32-bit) - Expected  128.0, actual    119 (0.93x)
Window at  10 - Testing collisions ( 32-bit) - Expected  128.0, actual    139 (1.09x) (12)
Window at  11 - Testing collisions ( 32-bit) - Expected  128.0, actual    142 (1.11x) (15)
Window at  12 - Testing collisions ( 32-bit) - Expected  128.0, actual    131 (1.02x) (4)
Window at  13 - Testing collisions ( 32-bit) - Expected  128.0, actual    113 (0.88x)
Window at  14 - Testing collisions ( 32-bit) - Expected  128.0, actual    123 (0.96x)
Window at  15 - Testing collisions ( 32-bit) - Expected  128.0, actual    132 (1.03x) (5)
Window at  16 - Testing collisions ( 32-bit) - Expected  128.0, actual    110 (0.86x)
Window at  17 - Testing collisions ( 32-bit) - Expected  128.0, actual    108 (0.84x)
Window at  18 - Testing collisions ( 32-bit) - Expected  128.0, actual    129 (1.01x) (2)
Window at  19 - Testing collisions ( 32-bit) - Expected  128.0, actual    132 (1.03x) (5)
Window at  20 - Testing collisions ( 32-bit) - Expected  128.0, actual    127 (0.99x)
Window at  21 - Testing collisions ( 32-bit) - Expected  128.0, actual    131 (1.02x) (4)
Window at  22 - Testing collisions ( 32-bit) - Expected  128.0, actual    146 (1.14x) (19)
Window at  23 - Testing collisions ( 32-bit) - Expected  128.0, actual    123 (0.96x)
Window at  24 - Testing collisions ( 32-bit) - Expected  128.0, actual    129 (1.01x) (2)
Window at  25 - Testing collisions ( 32-bit) - Expected  128.0, actual    145 (1.13x) (18)
Window at  26 - Testing collisions ( 32-bit) - Expected  128.0, actual    148 (1.16x) (21)
Window at  27 - Testing collisions ( 32-bit) - Expected  128.0, actual    141 (1.10x) (14)
Window at  28 - Testing collisions ( 32-bit) - Expected  128.0, actual    138 (1.08x) (11)
Window at  29 - Testing collisions ( 32-bit) - Expected  128.0, actual    140 (1.09x) (13)
Window at  30 - Testing collisions ( 32-bit) - Expected  128.0, actual    113 (0.88x)
Window at  31 - Testing collisions ( 32-bit) - Expected  128.0, actual    133 (1.04x) (6)
Window at  32 - Testing collisions ( 32-bit) - Expected  128.0, actual    124 (0.97x)
Window at  33 - Testing collisions ( 32-bit) - Expected  128.0, actual    138 (1.08x) (11)
Window at  34 - Testing collisions ( 32-bit) - Expected  128.0, actual    121 (0.95x)
Window at  35 - Testing collisions ( 32-bit) - Expected  128.0, actual    127 (0.99x)
Window at  36 - Testing collisions ( 32-bit) - Expected  128.0, actual    114 (0.89x)
Window at  37 - Testing collisions ( 32-bit) - Expected  128.0, actual    130 (1.02x) (3)
Window at  38 - Testing collisions ( 32-bit) - Expected  128.0, actual    124 (0.97x)
Window at  39 - Testing collisions ( 32-bit) - Expected  128.0, actual    112 (0.88x)
Window at  40 - Testing collisions ( 32-bit) - Expected  128.0, actual    141 (1.10x) (14)
Window at  41 - Testing collisions ( 32-bit) - Expected  128.0, actual    128 (1.00x) (1)
Window at  42 - Testing collisions ( 32-bit) - Expected  128.0, actual    125 (0.98x)
Window at  43 - Testing collisions ( 32-bit) - Expected  128.0, actual    109 (0.85x)
Window at  44 - Testing collisions ( 32-bit) - Expected  128.0, actual    122 (0.95x)
Window at  45 - Testing collisions ( 32-bit) - Expected  128.0, actual    133 (1.04x) (6)
Window at  46 - Testing collisions ( 32-bit) - Expected  128.0, actual    113 (0.88x)
Window at  47 - Testing collisions ( 32-bit) - Expected  128.0, actual    145 (1.13x) (18)
Window at  48 - Testing collisions ( 32-bit) - Expected  128.0, actual    143 (1.12x) (16)
Window at  49 - Testing collisions ( 32-bit) - Expected  128.0, actual    123 (0.96x)
Window at  50 - Testing collisions ( 32-bit) - Expected  128.0, actual    127 (0.99x)
Window at  51 - Testing collisions ( 32-bit) - Expected  128.0, actual    121 (0.95x)
Window at  52 - Testing collisions ( 32-bit) - Expected  128.0, actual    137 (1.07x) (10)
Window at  53 - Testing collisions ( 32-bit) - Expected  128.0, actual    129 (1.01x) (2)
Window at  54 - Testing collisions ( 32-bit) - Expected  128.0, actual    153 (1.20x) (26)
Window at  55 - Testing collisions ( 32-bit) - Expected  128.0, actual    152 (1.19x) (25)
Window at  56 - Testing collisions ( 32-bit) - Expected  128.0, actual    144 (1.13x) (17)
Window at  57 - Testing collisions ( 32-bit) - Expected  128.0, actual    140 (1.09x) (13)
Window at  58 - Testing collisions ( 32-bit) - Expected  128.0, actual    115 (0.90x)
Window at  59 - Testing collisions ( 32-bit) - Expected  128.0, actual    129 (1.01x) (2)
Window at  60 - Testing collisions ( 32-bit) - Expected  128.0, actual    130 (1.02x) (3)
Window at  61 - Testing collisions ( 32-bit) - Expected  128.0, actual    121 (0.95x)
Window at  62 - Testing collisions ( 32-bit) - Expected  128.0, actual    118 (0.92x)
Window at  63 - Testing collisions ( 32-bit) - Expected  128.0, actual    130 (1.02x) (3)
Window at  64 - Testing collisions ( 32-bit) - Expected  128.0, actual    114 (0.89x)
Window at  65 - Testing collisions ( 32-bit) - Expected  128.0, actual    132 (1.03x) (5)
Window at  66 - Testing collisions ( 32-bit) - Expected  128.0, actual    145 (1.13x) (18)
Window at  67 - Testing collisions ( 32-bit) - Expected  128.0, actual    125 (0.98x)
Window at  68 - Testing collisions ( 32-bit) - Expected  128.0, actual    115 (0.90x)
Window at  69 - Testing collisions ( 32-bit) - Expected  128.0, actual    144 (1.13x) (17)
Window at  70 - Testing collisions ( 32-bit) - Expected  128.0, actual    140 (1.09x) (13)
Window at  71 - Testing collisions ( 32-bit) - Expected  128.0, actual    141 (1.10x) (14)
Window at  72 - Testing collisions ( 32-bit) - Expected  128.0, actual    140 (1.09x) (13)

[[[ Keyset 'Cyclic' Tests ]]]

Keyset 'Cyclic' - 8 cycles of 4 bytes - 1000000 keys
Testing collisions ( 32-bit) - Expected  116.4, actual    133 (1.14x) (17)
Testing distribution - Worst bias is the 16-bit window at bit  4 - 0.074%

Keyset 'Cyclic' - 8 cycles of 5 bytes - 1000000 keys
Testing collisions ( 32-bit) - Expected  116.4, actual    122 (1.05x) (6)
Testing distribution - Worst bias is the 17-bit window at bit  0 - 0.114%

Keyset 'Cyclic' - 8 cycles of 6 bytes - 1000000 keys
Testing collisions ( 32-bit) - Expected  116.4, actual    100 (0.86x)
Testing distribution - Worst bias is the 17-bit window at bit  5 - 0.099%

Keyset 'Cyclic' - 8 cycles of 7 bytes - 1000000 keys
Testing collisions ( 32-bit) - Expected  116.4, actual    127 (1.09x) (11)
Testing distribution - Worst bias is the 17-bit window at bit 17 - 0.087%

Keyset 'Cyclic' - 8 cycles of 8 bytes - 1000000 keys
Testing collisions ( 32-bit) - Expected  116.4, actual    124 (1.07x) (8)
Testing distribution - Worst bias is the 17-bit window at bit 12 - 0.101%

Keyset 'Cyclic' - 8 cycles of 12 bytes - 1000000 keys
Testing collisions ( 32-bit) - Expected  116.4, actual    106 (0.91x)
Testing distribution - Worst bias is the 16-bit window at bit  2 - 0.042%


[[[ Keyset 'TwoBytes' Tests ]]]

Keyset 'TwoBytes' - up-to-4-byte keys, 652545 total keys
Testing collisions ( 32-bit) - Expected   49.6, actual     41 (0.83x)
Testing distribution - Worst bias is the 16-bit window at bit 20 - 0.101%

Keyset 'TwoBytes' - up-to-8-byte keys, 5471025 total keys
Testing collisions ( 32-bit) - Expected 3483.1, actual   3460 (0.99x) (-23)
Testing distribution - Worst bias is the 19-bit window at bit  5 - 0.034%

Keyset 'TwoBytes' - up-to-12-byte keys, 18616785 total keys
Testing collisions ( 32-bit) - Expected 40289.5, actual  40144 (1.00x) (-145)
Testing distribution - Worst bias is the 20-bit window at bit 28 - 0.013%

Keyset 'TwoBytes' - up-to-16-byte keys, 44251425 total keys
Testing collisions ( 32-bit) - Expected 227182.3, actual 226815 (1.00x) (-367)
Testing distribution - Worst bias is the 20-bit window at bit  3 - 0.008%

Keyset 'TwoBytes' - up-to-20-byte keys, 86536545 total keys
Testing collisions ( 32-bit) - Expected 865959.1, actual 865858 (1.00x) (-101)
Testing distribution - Worst bias is the 20-bit window at bit  0 - 0.003%

Keyset 'TwoBytes' - up-to-24-byte keys, 149633745 total keys
Testing collisions ( 32-bit) - Expected 2576560.5, actual 2574453 (1.00x) (-2107)
Testing distribution - Worst bias is the 20-bit window at bit  3 - 0.002%


[[[ Keyset 'Text' Tests ]]]

Keyset 'Text' - keys of form "FooXXXXBar" - 14776336 keys
Testing collisions ( 32-bit) - Expected 25389.0, actual  25360 (1.00x) (-29)
Testing distribution - Worst bias is the 20-bit window at bit 28 - 0.012%

Keyset 'Text' - keys of form "FooBarXXXX" - 14776336 keys
Testing collisions ( 32-bit) - Expected 25389.0, actual  25563 (1.01x) (174)
Testing distribution - Worst bias is the 20-bit window at bit  4 - 0.017%

Keyset 'Text' - keys of form "XXXXFooBar" - 14776336 keys
Testing collisions ( 32-bit) - Expected 25389.0, actual  25376 (1.00x) (-13)
Testing distribution - Worst bias is the 20-bit window at bit  2 - 0.032%

Keyset 'Words' - 4000000 random keys of len 6-16 from alnum charset
Testing collisions ( 32-bit) - Expected 1862.1, actual   1861 (1.00x) (-1)
Testing distribution - Worst bias is the 19-bit window at bit 13 - 0.034%

Keyset 'Words' - 4000000 random keys of len 6-16 from password charset
Testing collisions ( 32-bit) - Expected 1862.1, actual   1872 (1.01x) (10)
Testing distribution - Worst bias is the 19-bit window at bit 21 - 0.061%

Keyset 'Words' - 104334 dict words
Testing collisions ( 32-bit) - Expected    1.3, actual      1 (0.79x)
Testing collisions (high 20-28 bits) - Worst is 22 bits: 1355/1286 (1.05x)
Testing collisions (low  20-28 bits) - Worst is 25 bits: 178/162 (1.10x)
Testing distribution - Worst bias is the 14-bit window at bit  6 - 0.273%


[[[ Keyset 'Zeroes' Tests ]]]

Keyset 'Zeroes' - 204800 keys
Testing collisions ( 32-bit) - Expected    4.9, actual      3 (0.61x)
Testing collisions (high 21-29 bits) - Worst is 29 bits: 43/39 (1.10x)
Testing collisions (low  21-29 bits) - Worst is 29 bits: 44/39 (1.13x)
Testing distribution - Worst bias is the 15-bit window at bit  2 - 0.214%


[[[ Keyset 'Seed' Tests ]]]

Keyset 'Seed' - 5000000 keys
Testing collisions ( 32-bit) - Expected 2909.3, actual   2826 (0.97x)
Testing distribution - Worst bias is the 19-bit window at bit  2 - 0.040%


[[[ Keyset 'PerlinNoise' Tests ]]]

Testing 16777216 coordinates (L2) : 
Testing collisions ( 32-bit) - Expected 32725.4, actual  32607 (1.00x) (-118)

Testing AV variant, 128 count with 4 spacing, 4-12:
Testing collisions ( 32-bit) - Expected 1116.2, actual   1162 (1.04x) (46)


[[[ Diff 'Differential' Tests ]]]

Testing 8303632 up-to-5-bit differentials in 64-bit keys -> 32 bit hashes.
1000 reps, 8303632000 total tests, expecting 1.93 random collisions..........
3 total collisions, of which 3 single collisions were ignored

Testing 11017632 up-to-4-bit differentials in 128-bit keys -> 32 bit hashes.
1000 reps, 11017632000 total tests, expecting 2.57 random collisions..........
2 total collisions, of which 2 single collisions were ignored

Testing 2796416 up-to-3-bit differentials in 256-bit keys -> 32 bit hashes.
1000 reps, 2796416000 total tests, expecting 0.65 random collisions..........
1 total collisions, of which 1 single collisions were ignored


[[[ DiffDist 'Differential Distribution' Tests ]]]

Testing bit 0
Testing collisions ( 32-bit) - Expected  511.9, actual    522 (1.02x) (11)
Testing distribution - Worst bias is the 18-bit window at bit 17 - 0.072%

Testing bit 1
Testing collisions ( 32-bit) - Expected  511.9, actual    481 (0.94x)
Testing distribution - Worst bias is the 18-bit window at bit 14 - 0.074%

Testing bit 2
Testing collisions ( 32-bit) - Expected  511.9, actual    493 (0.96x)
Testing distribution - Worst bias is the 18-bit window at bit 19 - 0.045%

Testing bit 3
Testing collisions ( 32-bit) - Expected  511.9, actual    515 (1.01x) (4)
Testing distribution - Worst bias is the 18-bit window at bit  2 - 0.106%

Testing bit 4
Testing collisions ( 32-bit) - Expected  511.9, actual    535 (1.05x) (24)
Testing distribution - Worst bias is the 18-bit window at bit 25 - 0.090%

Testing bit 5
Testing collisions ( 32-bit) - Expected  511.9, actual    496 (0.97x)
Testing distribution - Worst bias is the 18-bit window at bit 20 - 0.045%

Testing bit 6
Testing collisions ( 32-bit) - Expected  511.9, actual    545 (1.06x) (34)
Testing distribution - Worst bias is the 18-bit window at bit 14 - 0.079%

Testing bit 7
Testing collisions ( 32-bit) - Expected  511.9, actual    513 (1.00x) (2)
Testing distribution - Worst bias is the 18-bit window at bit  8 - 0.055%

Testing bit 8
Testing collisions ( 32-bit) - Expected  511.9, actual    508 (0.99x) (-3)
Testing distribution - Worst bias is the 18-bit window at bit 16 - 0.075%

Testing bit 9
Testing collisions ( 32-bit) - Expected  511.9, actual    506 (0.99x) (-5)
Testing distribution - Worst bias is the 18-bit window at bit  1 - 0.053%

Testing bit 10
Testing collisions ( 32-bit) - Expected  511.9, actual    504 (0.98x) (-7)
Testing distribution - Worst bias is the 18-bit window at bit 29 - 0.032%

Testing bit 11
Testing collisions ( 32-bit) - Expected  511.9, actual    511 (1.00x)
Testing distribution - Worst bias is the 18-bit window at bit 11 - 0.047%

Testing bit 12
Testing collisions ( 32-bit) - Expected  511.9, actual    493 (0.96x)
Testing distribution - Worst bias is the 18-bit window at bit  3 - 0.043%

Testing bit 13
Testing collisions ( 32-bit) - Expected  511.9, actual    526 (1.03x) (15)
Testing distribution - Worst bias is the 18-bit window at bit 14 - 0.090%

Testing bit 14
Testing collisions ( 32-bit) - Expected  511.9, actual    499 (0.97x)
Testing distribution - Worst bias is the 18-bit window at bit  4 - 0.079%

Testing bit 15
Testing collisions ( 32-bit) - Expected  511.9, actual    454 (0.89x)
Testing distribution - Worst bias is the 18-bit window at bit  9 - 0.079%

Testing bit 16
Testing collisions ( 32-bit) - Expected  511.9, actual    536 (1.05x) (25)
Testing distribution - Worst bias is the 17-bit window at bit  2 - 0.055%

Testing bit 17
Testing collisions ( 32-bit) - Expected  511.9, actual    505 (0.99x) (-6)
Testing distribution - Worst bias is the 18-bit window at bit 22 - 0.051%

Testing bit 18
Testing collisions ( 32-bit) - Expected  511.9, actual    507 (0.99x) (-4)
Testing distribution - Worst bias is the 18-bit window at bit 16 - 0.052%

Testing bit 19
Testing collisions ( 32-bit) - Expected  511.9, actual    502 (0.98x) (-9)
Testing distribution - Worst bias is the 18-bit window at bit 18 - 0.062%

Testing bit 20
Testing collisions ( 32-bit) - Expected  511.9, actual    508 (0.99x) (-3)
Testing distribution - Worst bias is the 18-bit window at bit 21 - 0.097%

Testing bit 21
Testing collisions ( 32-bit) - Expected  511.9, actual    519 (1.01x) (8)
Testing distribution - Worst bias is the 18-bit window at bit 18 - 0.082%

Testing bit 22
Testing collisions ( 32-bit) - Expected  511.9, actual    476 (0.93x)
Testing distribution - Worst bias is the 18-bit window at bit 21 - 0.080%

Testing bit 23
Testing collisions ( 32-bit) - Expected  511.9, actual    505 (0.99x) (-6)
Testing distribution - Worst bias is the 18-bit window at bit 13 - 0.072%

Testing bit 24
Testing collisions ( 32-bit) - Expected  511.9, actual    507 (0.99x) (-4)
Testing distribution - Worst bias is the 18-bit window at bit 27 - 0.063%

Testing bit 25
Testing collisions ( 32-bit) - Expected  511.9, actual    537 (1.05x) (26)
Testing distribution - Worst bias is the 18-bit window at bit  9 - 0.063%

Testing bit 26
Testing collisions ( 32-bit) - Expected  511.9, actual    528 (1.03x) (17)
Testing distribution - Worst bias is the 18-bit window at bit 31 - 0.089%

Testing bit 27
Testing collisions ( 32-bit) - Expected  511.9, actual    503 (0.98x) (-8)
Testing distribution - Worst bias is the 18-bit window at bit 22 - 0.081%

Testing bit 28
Testing collisions ( 32-bit) - Expected  511.9, actual    547 (1.07x) (36)
Testing distribution - Worst bias is the 18-bit window at bit 13 - 0.047%

Testing bit 29
Testing collisions ( 32-bit) - Expected  511.9, actual    519 (1.01x) (8)
Testing distribution - Worst bias is the 18-bit window at bit 20 - 0.105%

Testing bit 30
Testing collisions ( 32-bit) - Expected  511.9, actual    496 (0.97x)
Testing distribution - Worst bias is the 18-bit window at bit 22 - 0.112%

Testing bit 31
Testing collisions ( 32-bit) - Expected  511.9, actual    503 (0.98x) (-8)
Testing distribution - Worst bias is the 18-bit window at bit  2 - 0.060%

Testing bit 32
Testing collisions ( 32-bit) - Expected  511.9, actual    551 (1.08x) (40)
Testing distribution - Worst bias is the 17-bit window at bit 25 - 0.044%

Testing bit 33
Testing collisions ( 32-bit) - Expected  511.9, actual    551 (1.08x) (40)
Testing distribution - Worst bias is the 18-bit window at bit 23 - 0.077%

Testing bit 34
Testing collisions ( 32-bit) - Expected  511.9, actual    530 (1.04x) (19)
Testing distribution - Worst bias is the 18-bit window at bit 28 - 0.059%

Testing bit 35
Testing collisions ( 32-bit) - Expected  511.9, actual    507 (0.99x) (-4)
Testing distribution - Worst bias is the 18-bit window at bit  5 - 0.078%

Testing bit 36
Testing collisions ( 32-bit) - Expected  511.9, actual    477 (0.93x)
Testing distribution - Worst bias is the 18-bit window at bit  1 - 0.047%

Testing bit 37
Testing collisions ( 32-bit) - Expected  511.9, actual    514 (1.00x) (3)
Testing distribution - Worst bias is the 18-bit window at bit 23 - 0.071%

Testing bit 38
Testing collisions ( 32-bit) - Expected  511.9, actual    526 (1.03x) (15)
Testing distribution - Worst bias is the 18-bit window at bit 30 - 0.078%

Testing bit 39
Testing collisions ( 32-bit) - Expected  511.9, actual    492 (0.96x)
Testing distribution - Worst bias is the 18-bit window at bit 14 - 0.076%

Testing bit 40
Testing collisions ( 32-bit) - Expected  511.9, actual    519 (1.01x) (8)
Testing distribution - Worst bias is the 18-bit window at bit  7 - 0.092%

Testing bit 41
Testing collisions ( 32-bit) - Expected  511.9, actual    518 (1.01x) (7)
Testing distribution - Worst bias is the 18-bit window at bit  9 - 0.061%

Testing bit 42
Testing collisions ( 32-bit) - Expected  511.9, actual    494 (0.97x)
Testing distribution - Worst bias is the 18-bit window at bit 17 - 0.077%

Testing bit 43
Testing collisions ( 32-bit) - Expected  511.9, actual    544 (1.06x) (33)
Testing distribution - Worst bias is the 18-bit window at bit 17 - 0.049%

Testing bit 44
Testing collisions ( 32-bit) - Expected  511.9, actual    478 (0.93x)
Testing distribution - Worst bias is the 18-bit window at bit 21 - 0.087%

Testing bit 45
Testing collisions ( 32-bit) - Expected  511.9, actual    456 (0.89x)
Testing distribution - Worst bias is the 18-bit window at bit 26 - 0.077%

Testing bit 46
Testing collisions ( 32-bit) - Expected  511.9, actual    506 (0.99x) (-5)
Testing distribution - Worst bias is the 18-bit window at bit  9 - 0.047%

Testing bit 47
Testing collisions ( 32-bit) - Expected  511.9, actual    535 (1.05x) (24)
Testing distribution - Worst bias is the 18-bit window at bit 23 - 0.088%

Testing bit 48
Testing collisions ( 32-bit) - Expected  511.9, actual    543 (1.06x) (32)
Testing distribution - Worst bias is the 17-bit window at bit 27 - 0.066%

Testing bit 49
Testing collisions ( 32-bit) - Expected  511.9, actual    490 (0.96x)
Testing distribution - Worst bias is the 17-bit window at bit 28 - 0.048%

Testing bit 50
Testing collisions ( 32-bit) - Expected  511.9, actual    510 (1.00x) (-1)
Testing distribution - Worst bias is the 18-bit window at bit 10 - 0.052%

Testing bit 51
Testing collisions ( 32-bit) - Expected  511.9, actual    497 (0.97x)
Testing distribution - Worst bias is the 18-bit window at bit 13 - 0.098%

Testing bit 52
Testing collisions ( 32-bit) - Expected  511.9, actual    516 (1.01x) (5)
Testing distribution - Worst bias is the 18-bit window at bit 21 - 0.105%

Testing bit 53
Testing collisions ( 32-bit) - Expected  511.9, actual    488 (0.95x)
Testing distribution - Worst bias is the 18-bit window at bit 18 - 0.057%

Testing bit 54
Testing collisions ( 32-bit) - Expected  511.9, actual    480 (0.94x)
Testing distribution - Worst bias is the 18-bit window at bit 24 - 0.092%

Testing bit 55
Testing collisions ( 32-bit) - Expected  511.9, actual    502 (0.98x) (-9)
Testing distribution - Worst bias is the 18-bit window at bit 22 - 0.057%

Testing bit 56
Testing collisions ( 32-bit) - Expected  511.9, actual    492 (0.96x)
Testing distribution - Worst bias is the 18-bit window at bit 21 - 0.055%

Testing bit 57
Testing collisions ( 32-bit) - Expected  511.9, actual    493 (0.96x)
Testing distribution - Worst bias is the 18-bit window at bit 29 - 0.040%

Testing bit 58
Testing collisions ( 32-bit) - Expected  511.9, actual    495 (0.97x)
Testing distribution - Worst bias is the 17-bit window at bit 22 - 0.050%

Testing bit 59
Testing collisions ( 32-bit) - Expected  511.9, actual    530 (1.04x) (19)
Testing distribution - Worst bias is the 18-bit window at bit 28 - 0.067%

Testing bit 60
Testing collisions ( 32-bit) - Expected  511.9, actual    506 (0.99x) (-5)
Testing distribution - Worst bias is the 18-bit window at bit  9 - 0.109%

Testing bit 61
Testing collisions ( 32-bit) - Expected  511.9, actual    508 (0.99x) (-3)
Testing distribution - Worst bias is the 18-bit window at bit 26 - 0.054%

Testing bit 62
Testing collisions ( 32-bit) - Expected  511.9, actual    513 (1.00x) (2)
Testing distribution - Worst bias is the 18-bit window at bit  6 - 0.089%

Testing bit 63
Testing collisions ( 32-bit) - Expected  511.9, actual    521 (1.02x) (10)
Testing distribution - Worst bias is the 18-bit window at bit 11 - 0.086%


[[[ MomentChi2 Tests ]]]

Analyze hashes produced from a serie of linearly increasing numbers of 32-bit, using a step of 2 ... 
Target values to approximate : 1391290.000000 - 686.666667 
256 threads starting...  done
Popcount 1 stats : 1391264.342093 - 687.280580
Popcount 0 stats : 1391330.646845 - 687.308157
MomentChi2 for bits 1 :  0.479151 
MomentChi2 for bits 0 :   1.20247 

Derivative stats (transition from 2 consecutive values) : 
Popcount 1 stats : 1391267.620055 - 687.296381
Popcount 0 stats : 1391313.888904 - 687.258043
MomentChi2 for deriv b1 :  0.364538 
MomentChi2 for deriv b0 :  0.415365 

  Great 


[[[ Prng Tests ]]]

Skipping PRNG test; it is designed for hashes >= 64-bits

[[[ BadSeeds Tests ]]]

Testing 0 internal secrets:
0x0 PASS


Input vcode 0x00000001, Output vcode 0x00000001, Result vcode 0x00000001
Verification value is 0x00000001 - Testing took 773.572622 seconds
-------------------------------------------------------------------------------
