-------------------------------------------------------------------------------
--- Testing umash32 "umash 32" GOOD

[[[ Sanity Tests ]]]

Verification value 0x9451AF3B ....... PASS
Running sanity check 1     .......... PASS
Running AppendedZeroesTest .......... PASS

[[[ Speed Tests ]]]

Bulk speed test - 262144-byte keys
Alignment  7 - 20.492 bytes/cycle - 39086.17 MiB/sec @ 2000 MHz
Alignment  6 - 20.451 bytes/cycle - 39007.33 MiB/sec @ 2000 MHz
Alignment  5 - 20.474 bytes/cycle - 39051.08 MiB/sec @ 2000 MHz
Alignment  4 - 20.479 bytes/cycle - 39061.53 MiB/sec @ 2000 MHz
Alignment  3 - 17.784 bytes/cycle - 33921.23 MiB/sec @ 2000 MHz
Alignment  2 - 18.962 bytes/cycle - 36167.05 MiB/sec @ 2000 MHz
Alignment  1 - 20.479 bytes/cycle - 39060.57 MiB/sec @ 2000 MHz
Alignment  0 - 20.495 bytes/cycle - 39090.79 MiB/sec @ 2000 MHz
Average      - 19.952 bytes/cycle - 38055.72 MiB/sec @ 2000 MHz

Small key speed test -    1-byte keys -    12.00 cycles/hash
Small key speed test -    2-byte keys -    12.00 cycles/hash
Small key speed test -    3-byte keys -    12.00 cycles/hash
Small key speed test -    4-byte keys -    12.00 cycles/hash
Small key speed test -    5-byte keys -    12.00 cycles/hash
Small key speed test -    6-byte keys -    12.00 cycles/hash
Small key speed test -    7-byte keys -    12.00 cycles/hash
Small key speed test -    8-byte keys -    13.40 cycles/hash
Small key speed test -    9-byte keys -    18.34 cycles/hash
Small key speed test -   10-byte keys -    17.73 cycles/hash
Small key speed test -   11-byte keys -    16.86 cycles/hash
Small key speed test -   12-byte keys -    17.00 cycles/hash
Small key speed test -   13-byte keys -    16.91 cycles/hash
Small key speed test -   14-byte keys -    17.00 cycles/hash
Small key speed test -   15-byte keys -    18.83 cycles/hash
Small key speed test -   16-byte keys -    19.32 cycles/hash
Small key speed test -   17-byte keys -    25.54 cycles/hash
Small key speed test -   18-byte keys -    25.79 cycles/hash
Small key speed test -   19-byte keys -    24.14 cycles/hash
Small key speed test -   20-byte keys -    22.74 cycles/hash
Small key speed test -   21-byte keys -    21.94 cycles/hash
Small key speed test -   22-byte keys -    22.80 cycles/hash
Small key speed test -   23-byte keys -    25.60 cycles/hash
Small key speed test -   24-byte keys -    25.63 cycles/hash
Small key speed test -   25-byte keys -    25.25 cycles/hash
Small key speed test -   26-byte keys -    23.18 cycles/hash
Small key speed test -   27-byte keys -    24.57 cycles/hash
Small key speed test -   28-byte keys -    25.54 cycles/hash
Small key speed test -   29-byte keys -    26.00 cycles/hash
Small key speed test -   30-byte keys -    26.00 cycles/hash
Small key speed test -   31-byte keys -    26.00 cycles/hash
Small key speed test -   32-byte keys -    26.00 cycles/hash
Average                                    19.879 cycles/hash
Average, weighted by key length freq.      20.477 cycles/hash (using 93.0% of top-7m Tranco DNS names dataset)
Average, weighted by key length freq.      17.937 cycles/hash (using 27.1% of startup-1M UMASH trace dataset)

[[[ 'Hashmap' Speed Tests ]]]

std::unordered_map
Init std HashMapTest:     199.168 cycles/op (104334 inserts, 1% deletions)
Running std HashMapTest:  138.574 cycles/op (0.3 stdv)

greg7mdp/parallel-hashmap
Init fast HashMapTest:    156.280 cycles/op (104334 inserts, 1% deletions)
Running fast HashMapTest: 118.223 cycles/op (0.3 stdv)  ....... PASS

[[[ Avalanche Tests ]]]

Testing   24-bit keys ->  32-bit hashes, 300000 reps.......... worst bias is 0.592000%
Testing   32-bit keys ->  32-bit hashes, 300000 reps.......... worst bias is 0.580000%
Testing   40-bit keys ->  32-bit hashes, 300000 reps.......... worst bias is 0.646000%
Testing   48-bit keys ->  32-bit hashes, 300000 reps.......... worst bias is 0.603333%
Testing   56-bit keys ->  32-bit hashes, 300000 reps.......... worst bias is 0.614000%
Testing   64-bit keys ->  32-bit hashes, 300000 reps.......... worst bias is 0.688667%
Testing   72-bit keys ->  32-bit hashes, 300000 reps.......... worst bias is 0.620667%
Testing   80-bit keys ->  32-bit hashes, 300000 reps.......... worst bias is 0.638000%
Testing   96-bit keys ->  32-bit hashes, 300000 reps.......... worst bias is 0.675333%
Testing  112-bit keys ->  32-bit hashes, 300000 reps.......... worst bias is 0.684667%
Testing  128-bit keys ->  32-bit hashes, 300000 reps.......... worst bias is 0.626667%
Testing  160-bit keys ->  32-bit hashes, 300000 reps.......... worst bias is 0.718667%
Testing  512-bit keys ->  32-bit hashes, 300000 reps.......... worst bias is 0.706667%
Testing 1024-bit keys ->  32-bit hashes, 300000 reps.......... worst bias is 0.698667%

[[[ Keyset 'Sparse' Tests ]]]

Keyset 'Sparse' - 16-bit keys with up to 9 bits set - 50643 keys
Testing collisions ( 32-bit) - Expected    0.3, actual      0 (0.00x)
Testing collisions (high 19-25 bits) - Worst is 22 bits: 312/304 (1.02x)
Testing collisions (low  19-25 bits) - Worst is 22 bits: 318/304 (1.04x)
Testing distribution - Worst bias is the 13-bit window at bit 25 - 0.589%

Keyset 'Sparse' - 24-bit keys with up to 8 bits set - 1271626 keys
Testing collisions ( 32-bit) - Expected  188.2, actual    203 (1.08x) (15)
Testing distribution - Worst bias is the 17-bit window at bit 20 - 0.063%

Keyset 'Sparse' - 32-bit keys with up to 7 bits set - 4514873 keys
Testing collisions ( 32-bit) - Expected 2372.2, actual   2418 (1.02x) (46)
Testing distribution - Worst bias is the 18-bit window at bit 20 - 0.028%

Keyset 'Sparse' - 40-bit keys with up to 6 bits set - 4598479 keys
Testing collisions ( 32-bit) - Expected 2460.8, actual   2478 (1.01x) (18)
Testing distribution - Worst bias is the 19-bit window at bit 10 - 0.060%

Keyset 'Sparse' - 48-bit keys with up to 6 bits set - 14196869 keys
Testing collisions ( 32-bit) - Expected 23437.8, actual  23448 (1.00x) (11)
Testing distribution - Worst bias is the 20-bit window at bit 28 - 0.009%

Keyset 'Sparse' - 56-bit keys with up to 5 bits set - 4216423 keys
Testing collisions ( 32-bit) - Expected 2069.0, actual   2118 (1.02x) (50)
Testing distribution - Worst bias is the 19-bit window at bit 24 - 0.029%

Keyset 'Sparse' - 64-bit keys with up to 5 bits set - 8303633 keys
Testing collisions ( 32-bit) - Expected 8021.7, actual   7865 (0.98x) (-156)
Testing distribution - Worst bias is the 20-bit window at bit 10 - 0.038%

Keyset 'Sparse' - 72-bit keys with up to 5 bits set - 15082603 keys
Testing collisions ( 32-bit) - Expected 26451.8, actual  26163 (0.99x) (-288)
Testing distribution - Worst bias is the 20-bit window at bit 12 - 0.015%

Keyset 'Sparse' - 96-bit keys with up to 4 bits set - 3469497 keys
Testing collisions ( 32-bit) - Expected 1401.0, actual   1346 (0.96x)
Testing distribution - Worst bias is the 19-bit window at bit 10 - 0.055%

Keyset 'Sparse' - 160-bit keys with up to 4 bits set - 26977161 keys
Testing collisions ( 32-bit) - Expected 84546.1, actual  84887 (1.00x) (341)
Testing distribution - Worst bias is the 20-bit window at bit 28 - 0.010%

Keyset 'Sparse' - 256-bit keys with up to 3 bits set - 2796417 keys
Testing collisions ( 32-bit) - Expected  910.2, actual    916 (1.01x) (6)
Testing distribution - Worst bias is the 19-bit window at bit  7 - 0.059%

Keyset 'Sparse' - 512-bit keys with up to 3 bits set - 22370049 keys
Testing collisions ( 32-bit) - Expected 58155.4, actual  57773 (0.99x) (-382)
Testing distribution - Worst bias is the 20-bit window at bit 18 - 0.010%

Keyset 'Sparse' - 1024-bit keys with up to 2 bits set - 524801 keys
Testing collisions ( 32-bit) - Expected   32.1, actual     31 (0.97x)
Testing distribution - Worst bias is the 16-bit window at bit 29 - 0.153%

Keyset 'Sparse' - 2048-bit keys with up to 2 bits set - 2098177 keys
Testing collisions ( 32-bit) - Expected  512.4, actual    509 (0.99x) (-3)
Testing distribution - Worst bias is the 18-bit window at bit 30 - 0.053%


[[[ Keyset 'Permutation' Tests ]]]

Combination Lowbits Tests:
Keyset 'Combination' - up to 7 blocks from a set of 8 - 2396744 keys
Testing collisions ( 32-bit) - Expected  668.6, actual    642 (0.96x)
Testing distribution - Worst bias is the 18-bit window at bit  0 - 0.067%


Combination Highbits Tests
Keyset 'Combination' - up to 7 blocks from a set of 8 - 2396744 keys
Testing collisions ( 32-bit) - Expected  668.6, actual    645 (0.96x)
Testing distribution - Worst bias is the 18-bit window at bit 14 - 0.081%


Combination Hi-Lo Tests:
Keyset 'Combination' - up to 6 blocks from a set of 15 - 12204240 keys
Testing collisions ( 32-bit) - Expected 17322.9, actual  17202 (0.99x) (-120)
Testing distribution - Worst bias is the 20-bit window at bit 29 - 0.018%


Combination 0x80000000 Tests:
Keyset 'Combination' - up to 22 blocks from a set of 2 - 8388606 keys
Testing collisions ( 32-bit) - Expected 8186.7, actual   8074 (0.99x) (-112)
Testing distribution - Worst bias is the 20-bit window at bit 17 - 0.047%


Combination 0x00000001 Tests:
Keyset 'Combination' - up to 22 blocks from a set of 2 - 8388606 keys
Testing collisions ( 32-bit) - Expected 8186.7, actual   8246 (1.01x) (60)
Testing distribution - Worst bias is the 19-bit window at bit  0 - 0.027%


Combination 0x8000000000000000 Tests:
Keyset 'Combination' - up to 22 blocks from a set of 2 - 8388606 keys
Testing collisions ( 32-bit) - Expected 8186.7, actual   8119 (0.99x) (-67)
Testing distribution - Worst bias is the 20-bit window at bit 26 - 0.045%


Combination 0x0000000000000001 Tests:
Keyset 'Combination' - up to 22 blocks from a set of 2 - 8388606 keys
Testing collisions ( 32-bit) - Expected 8186.7, actual   8139 (0.99x) (-47)
Testing distribution - Worst bias is the 20-bit window at bit 21 - 0.033%


Combination 16-bytes [0-1] Tests:
Keyset 'Combination' - up to 22 blocks from a set of 2 - 8388606 keys
Testing collisions ( 32-bit) - Expected 8186.7, actual   8429 (1.03x) (243)
Testing distribution - Worst bias is the 20-bit window at bit 23 - 0.030%


Combination 16-bytes [0-last] Tests:
Keyset 'Combination' - up to 22 blocks from a set of 2 - 8388606 keys
Testing collisions ( 32-bit) - Expected 8186.7, actual   8265 (1.01x) (79)
Testing distribution - Worst bias is the 20-bit window at bit  4 - 0.037%


Combination 32-bytes [0-1] Tests:
Keyset 'Combination' - up to 22 blocks from a set of 2 - 8388606 keys
Testing collisions ( 32-bit) - Expected 8186.7, actual   8251 (1.01x) (65)
Testing distribution - Worst bias is the 20-bit window at bit  5 - 0.050%


Combination 32-bytes [0-last] Tests:
Keyset 'Combination' - up to 22 blocks from a set of 2 - 8388606 keys
Testing collisions ( 32-bit) - Expected 8186.7, actual   8255 (1.01x) (69)
Testing distribution - Worst bias is the 20-bit window at bit  5 - 0.026%


Combination 64-bytes [0-1] Tests:
Keyset 'Combination' - up to 22 blocks from a set of 2 - 8388606 keys
Testing collisions ( 32-bit) - Expected 8186.7, actual   8162 (1.00x) (-24)
Testing distribution - Worst bias is the 20-bit window at bit 16 - 0.027%


Combination 64-bytes [0-last] Tests:
Keyset 'Combination' - up to 22 blocks from a set of 2 - 8388606 keys
Testing collisions ( 32-bit) - Expected 8186.7, actual   8134 (0.99x) (-52)
Testing distribution - Worst bias is the 20-bit window at bit 17 - 0.042%


Combination 128-bytes [0-1] Tests:
Keyset 'Combination' - up to 22 blocks from a set of 2 - 8388606 keys
Testing collisions ( 32-bit) - Expected 8186.7, actual   8142 (0.99x) (-44)
Testing distribution - Worst bias is the 20-bit window at bit  3 - 0.043%


Combination 128-bytes [0-last] Tests:
Keyset 'Combination' - up to 22 blocks from a set of 2 - 8388606 keys
Testing collisions ( 32-bit) - Expected 8186.7, actual   8146 (1.00x) (-40)
Testing distribution - Worst bias is the 20-bit window at bit 22 - 0.035%


[[[ Keyset 'Window' Tests ]]]

Keyset 'Window' -  72-bit key,  20-bit window - 72 tests, 1048576 keys per test
Window at   0 - Testing collisions ( 32-bit) - Expected  128.0, actual    117 (0.91x)
Window at   1 - Testing collisions ( 32-bit) - Expected  128.0, actual    121 (0.95x)
Window at   2 - Testing collisions ( 32-bit) - Expected  128.0, actual    141 (1.10x) (14)
Window at   3 - Testing collisions ( 32-bit) - Expected  128.0, actual    130 (1.02x) (3)
Window at   4 - Testing collisions ( 32-bit) - Expected  128.0, actual    122 (0.95x)
Window at   5 - Testing collisions ( 32-bit) - Expected  128.0, actual    119 (0.93x)
Window at   6 - Testing collisions ( 32-bit) - Expected  128.0, actual    115 (0.90x)
Window at   7 - Testing collisions ( 32-bit) - Expected  128.0, actual    119 (0.93x)
Window at   8 - Testing collisions ( 32-bit) - Expected  128.0, actual    125 (0.98x)
Window at   9 - Testing collisions ( 32-bit) - Expected  128.0, actual    123 (0.96x)
Window at  10 - Testing collisions ( 32-bit) - Expected  128.0, actual    137 (1.07x) (10)
Window at  11 - Testing collisions ( 32-bit) - Expected  128.0, actual    121 (0.95x)
Window at  12 - Testing collisions ( 32-bit) - Expected  128.0, actual    120 (0.94x)
Window at  13 - Testing collisions ( 32-bit) - Expected  128.0, actual    118 (0.92x)
Window at  14 - Testing collisions ( 32-bit) - Expected  128.0, actual    134 (1.05x) (7)
Window at  15 - Testing collisions ( 32-bit) - Expected  128.0, actual    121 (0.95x)
Window at  16 - Testing collisions ( 32-bit) - Expected  128.0, actual    117 (0.91x)
Window at  17 - Testing collisions ( 32-bit) - Expected  128.0, actual    134 (1.05x) (7)
Window at  18 - Testing collisions ( 32-bit) - Expected  128.0, actual    125 (0.98x)
Window at  19 - Testing collisions ( 32-bit) - Expected  128.0, actual    135 (1.05x) (8)
Window at  20 - Testing collisions ( 32-bit) - Expected  128.0, actual    142 (1.11x) (15)
Window at  21 - Testing collisions ( 32-bit) - Expected  128.0, actual    126 (0.98x) (-1)
Window at  22 - Testing collisions ( 32-bit) - Expected  128.0, actual    108 (0.84x)
Window at  23 - Testing collisions ( 32-bit) - Expected  128.0, actual    114 (0.89x)
Window at  24 - Testing collisions ( 32-bit) - Expected  128.0, actual    112 (0.88x)
Window at  25 - Testing collisions ( 32-bit) - Expected  128.0, actual    119 (0.93x)
Window at  26 - Testing collisions ( 32-bit) - Expected  128.0, actual    124 (0.97x)
Window at  27 - Testing collisions ( 32-bit) - Expected  128.0, actual    137 (1.07x) (10)
Window at  28 - Testing collisions ( 32-bit) - Expected  128.0, actual    122 (0.95x)
Window at  29 - Testing collisions ( 32-bit) - Expected  128.0, actual    134 (1.05x) (7)
Window at  30 - Testing collisions ( 32-bit) - Expected  128.0, actual    113 (0.88x)
Window at  31 - Testing collisions ( 32-bit) - Expected  128.0, actual    123 (0.96x)
Window at  32 - Testing collisions ( 32-bit) - Expected  128.0, actual    137 (1.07x) (10)
Window at  33 - Testing collisions ( 32-bit) - Expected  128.0, actual    117 (0.91x)
Window at  34 - Testing collisions ( 32-bit) - Expected  128.0, actual    125 (0.98x)
Window at  35 - Testing collisions ( 32-bit) - Expected  128.0, actual    113 (0.88x)
Window at  36 - Testing collisions ( 32-bit) - Expected  128.0, actual    149 (1.16x) (22)
Window at  37 - Testing collisions ( 32-bit) - Expected  128.0, actual    141 (1.10x) (14)
Window at  38 - Testing collisions ( 32-bit) - Expected  128.0, actual    130 (1.02x) (3)
Window at  39 - Testing collisions ( 32-bit) - Expected  128.0, actual    112 (0.88x)
Window at  40 - Testing collisions ( 32-bit) - Expected  128.0, actual    129 (1.01x) (2)
Window at  41 - Testing collisions ( 32-bit) - Expected  128.0, actual    126 (0.98x) (-1)
Window at  42 - Testing collisions ( 32-bit) - Expected  128.0, actual    118 (0.92x)
Window at  43 - Testing collisions ( 32-bit) - Expected  128.0, actual    139 (1.09x) (12)
Window at  44 - Testing collisions ( 32-bit) - Expected  128.0, actual    126 (0.98x) (-1)
Window at  45 - Testing collisions ( 32-bit) - Expected  128.0, actual    101 (0.79x)
Window at  46 - Testing collisions ( 32-bit) - Expected  128.0, actual    119 (0.93x)
Window at  47 - Testing collisions ( 32-bit) - Expected  128.0, actual    127 (0.99x)
Window at  48 - Testing collisions ( 32-bit) - Expected  128.0, actual    142 (1.11x) (15)
Window at  49 - Testing collisions ( 32-bit) - Expected  128.0, actual    135 (1.05x) (8)
Window at  50 - Testing collisions ( 32-bit) - Expected  128.0, actual    148 (1.16x) (21)
Window at  51 - Testing collisions ( 32-bit) - Expected  128.0, actual    123 (0.96x)
Window at  52 - Testing collisions ( 32-bit) - Expected  128.0, actual    131 (1.02x) (4)
Window at  53 - Testing collisions ( 32-bit) - Expected  128.0, actual    138 (1.08x) (11)
Window at  54 - Testing collisions ( 32-bit) - Expected  128.0, actual    137 (1.07x) (10)
Window at  55 - Testing collisions ( 32-bit) - Expected  128.0, actual    134 (1.05x) (7)
Window at  56 - Testing collisions ( 32-bit) - Expected  128.0, actual    141 (1.10x) (14)
Window at  57 - Testing collisions ( 32-bit) - Expected  128.0, actual    138 (1.08x) (11)
Window at  58 - Testing collisions ( 32-bit) - Expected  128.0, actual    134 (1.05x) (7)
Window at  59 - Testing collisions ( 32-bit) - Expected  128.0, actual    115 (0.90x)
Window at  60 - Testing collisions ( 32-bit) - Expected  128.0, actual    141 (1.10x) (14)
Window at  61 - Testing collisions ( 32-bit) - Expected  128.0, actual    126 (0.98x) (-1)
Window at  62 - Testing collisions ( 32-bit) - Expected  128.0, actual    132 (1.03x) (5)
Window at  63 - Testing collisions ( 32-bit) - Expected  128.0, actual    119 (0.93x)
Window at  64 - Testing collisions ( 32-bit) - Expected  128.0, actual    129 (1.01x) (2)
Window at  65 - Testing collisions ( 32-bit) - Expected  128.0, actual    134 (1.05x) (7)
Window at  66 - Testing collisions ( 32-bit) - Expected  128.0, actual    123 (0.96x)
Window at  67 - Testing collisions ( 32-bit) - Expected  128.0, actual    115 (0.90x)
Window at  68 - Testing collisions ( 32-bit) - Expected  128.0, actual    119 (0.93x)
Window at  69 - Testing collisions ( 32-bit) - Expected  128.0, actual    135 (1.05x) (8)
Window at  70 - Testing collisions ( 32-bit) - Expected  128.0, actual    138 (1.08x) (11)
Window at  71 - Testing collisions ( 32-bit) - Expected  128.0, actual    130 (1.02x) (3)
Window at  72 - Testing collisions ( 32-bit) - Expected  128.0, actual    117 (0.91x)

[[[ Keyset 'Cyclic' Tests ]]]

Keyset 'Cyclic' - 8 cycles of 4 bytes - 1000000 keys
Testing collisions ( 32-bit) - Expected  116.4, actual    116 (1.00x)
Testing distribution - Worst bias is the 17-bit window at bit 18 - 0.107%

Keyset 'Cyclic' - 8 cycles of 5 bytes - 1000000 keys
Testing collisions ( 32-bit) - Expected  116.4, actual    124 (1.07x) (8)
Testing distribution - Worst bias is the 17-bit window at bit 26 - 0.092%

Keyset 'Cyclic' - 8 cycles of 6 bytes - 1000000 keys
Testing collisions ( 32-bit) - Expected  116.4, actual    130 (1.12x) (14)
Testing distribution - Worst bias is the 17-bit window at bit 16 - 0.101%

Keyset 'Cyclic' - 8 cycles of 7 bytes - 1000000 keys
Testing collisions ( 32-bit) - Expected  116.4, actual    110 (0.94x)
Testing distribution - Worst bias is the 17-bit window at bit 16 - 0.058%

Keyset 'Cyclic' - 8 cycles of 8 bytes - 1000000 keys
Testing collisions ( 32-bit) - Expected  116.4, actual    109 (0.94x)
Testing distribution - Worst bias is the 17-bit window at bit 28 - 0.121%

Keyset 'Cyclic' - 8 cycles of 12 bytes - 1000000 keys
Testing collisions ( 32-bit) - Expected  116.4, actual     90 (0.77x)
Testing distribution - Worst bias is the 16-bit window at bit 10 - 0.104%


[[[ Keyset 'TwoBytes' Tests ]]]

Keyset 'TwoBytes' - up-to-4-byte keys, 652545 total keys
Testing collisions ( 32-bit) - Expected   49.6, actual     46 (0.93x)
Testing distribution - Worst bias is the 16-bit window at bit  5 - 0.086%

Keyset 'TwoBytes' - up-to-8-byte keys, 5471025 total keys
Testing collisions ( 32-bit) - Expected 3483.1, actual   3500 (1.00x) (17)
Testing distribution - Worst bias is the 20-bit window at bit  2 - 0.075%

Keyset 'TwoBytes' - up-to-12-byte keys, 18616785 total keys
Testing collisions ( 32-bit) - Expected 40289.5, actual  40169 (1.00x) (-120)
Testing distribution - Worst bias is the 20-bit window at bit  7 - 0.018%

Keyset 'TwoBytes' - up-to-16-byte keys, 44251425 total keys
Testing collisions ( 32-bit) - Expected 227182.3, actual 227637 (1.00x) (455)
Testing distribution - Worst bias is the 20-bit window at bit 13 - 0.008%

Keyset 'TwoBytes' - up-to-20-byte keys, 86536545 total keys
Testing collisions ( 32-bit) - Expected 865959.1, actual 866219 (1.00x) (260)
Testing distribution - Worst bias is the 20-bit window at bit 22 - 0.003%

Keyset 'TwoBytes' - up-to-24-byte keys, 149633745 total keys
Testing collisions ( 32-bit) - Expected 2576560.5, actual 2576478 (1.00x) (-82)
Testing distribution - Worst bias is the 20-bit window at bit 18 - 0.003%


[[[ Keyset 'Text' Tests ]]]

Keyset 'Text' - keys of form "FooXXXXBar" - 14776336 keys
Testing collisions ( 32-bit) - Expected 25389.0, actual  25466 (1.00x) (77)
Testing distribution - Worst bias is the 20-bit window at bit 23 - 0.020%

Keyset 'Text' - keys of form "FooBarXXXX" - 14776336 keys
Testing collisions ( 32-bit) - Expected 25389.0, actual  25489 (1.00x) (100)
Testing distribution - Worst bias is the 20-bit window at bit 11 - 0.027%

Keyset 'Text' - keys of form "XXXXFooBar" - 14776336 keys
Testing collisions ( 32-bit) - Expected 25389.0, actual  25376 (1.00x) (-13)
Testing distribution - Worst bias is the 20-bit window at bit 12 - 0.011%

Keyset 'Words' - 4000000 random keys of len 6-16 from alnum charset
Testing collisions ( 32-bit) - Expected 1862.1, actual   1854 (1.00x) (-8)
Testing distribution - Worst bias is the 19-bit window at bit 19 - 0.049%

Keyset 'Words' - 4000000 random keys of len 6-16 from password charset
Testing collisions ( 32-bit) - Expected 1862.1, actual   1841 (0.99x) (-21)
Testing distribution - Worst bias is the 19-bit window at bit  4 - 0.048%

Keyset 'Words' - 104334 dict words
Testing collisions ( 32-bit) - Expected    1.3, actual      0 (0.00x)
Testing collisions (high 20-28 bits) - Worst is 21 bits: 2566/2552 (1.01x)
Testing collisions (low  20-28 bits) - Worst is 28 bits: 24/20 (1.18x)
Testing distribution - Worst bias is the 14-bit window at bit 12 - 0.261%


[[[ Keyset 'Zeroes' Tests ]]]

Keyset 'Zeroes' - 204800 keys
Testing collisions ( 32-bit) - Expected    4.9, actual      2 (0.41x)
Testing collisions (high 21-29 bits) - Worst is 21 bits: 9713/9682 (1.00x)
Testing collisions (low  21-29 bits) - Worst is 28 bits: 84/78 (1.08x)
Testing distribution - Worst bias is the 15-bit window at bit 21 - 0.238%


[[[ Keyset 'Seed' Tests ]]]

Keyset 'Seed' - 5000000 keys
Testing collisions ( 32-bit) - Expected 2909.3, actual   2872 (0.99x) (-37)
Testing distribution - Worst bias is the 18-bit window at bit 24 - 0.020%


[[[ Keyset 'PerlinNoise' Tests ]]]

Testing 16777216 coordinates (L2) : 
Testing collisions ( 32-bit) - Expected 32725.4, actual  32982 (1.01x) (257)

Testing AV variant, 128 count with 4 spacing, 4-12:
Testing collisions ( 32-bit) - Expected 1116.2, actual   1144 (1.02x) (28)


[[[ Diff 'Differential' Tests ]]]

Testing 8303632 up-to-5-bit differentials in 64-bit keys -> 32 bit hashes.
1000 reps, 8303632000 total tests, expecting 1.93 random collisions..........
0 total collisions, of which 0 single collisions were ignored

Testing 11017632 up-to-4-bit differentials in 128-bit keys -> 32 bit hashes.
1000 reps, 11017632000 total tests, expecting 2.57 random collisions..........
4 total collisions, of which 4 single collisions were ignored

Testing 2796416 up-to-3-bit differentials in 256-bit keys -> 32 bit hashes.
1000 reps, 2796416000 total tests, expecting 0.65 random collisions..........
0 total collisions, of which 0 single collisions were ignored


[[[ DiffDist 'Differential Distribution' Tests ]]]

Testing bit 0
Testing collisions ( 32-bit) - Expected  511.9, actual    544 (1.06x) (33)
Testing distribution - Worst bias is the 18-bit window at bit 18 - 0.054%

Testing bit 1
Testing collisions ( 32-bit) - Expected  511.9, actual    513 (1.00x) (2)
Testing distribution - Worst bias is the 17-bit window at bit 29 - 0.038%

Testing bit 2
Testing collisions ( 32-bit) - Expected  511.9, actual    516 (1.01x) (5)
Testing distribution - Worst bias is the 18-bit window at bit  2 - 0.072%

Testing bit 3
Testing collisions ( 32-bit) - Expected  511.9, actual    544 (1.06x) (33)
Testing distribution - Worst bias is the 18-bit window at bit 17 - 0.076%

Testing bit 4
Testing collisions ( 32-bit) - Expected  511.9, actual    571 (1.12x) (60)
Testing distribution - Worst bias is the 18-bit window at bit 23 - 0.075%

Testing bit 5
Testing collisions ( 32-bit) - Expected  511.9, actual    532 (1.04x) (21)
Testing distribution - Worst bias is the 18-bit window at bit 20 - 0.040%

Testing bit 6
Testing collisions ( 32-bit) - Expected  511.9, actual    538 (1.05x) (27)
Testing distribution - Worst bias is the 18-bit window at bit 27 - 0.044%

Testing bit 7
Testing collisions ( 32-bit) - Expected  511.9, actual    488 (0.95x)
Testing distribution - Worst bias is the 18-bit window at bit  0 - 0.058%

Testing bit 8
Testing collisions ( 32-bit) - Expected  511.9, actual    511 (1.00x)
Testing distribution - Worst bias is the 18-bit window at bit  7 - 0.064%

Testing bit 9
Testing collisions ( 32-bit) - Expected  511.9, actual    496 (0.97x)
Testing distribution - Worst bias is the 18-bit window at bit  3 - 0.069%

Testing bit 10
Testing collisions ( 32-bit) - Expected  511.9, actual    506 (0.99x) (-5)
Testing distribution - Worst bias is the 18-bit window at bit 25 - 0.074%

Testing bit 11
Testing collisions ( 32-bit) - Expected  511.9, actual    534 (1.04x) (23)
Testing distribution - Worst bias is the 18-bit window at bit  6 - 0.074%

Testing bit 12
Testing collisions ( 32-bit) - Expected  511.9, actual    534 (1.04x) (23)
Testing distribution - Worst bias is the 18-bit window at bit 24 - 0.061%

Testing bit 13
Testing collisions ( 32-bit) - Expected  511.9, actual    534 (1.04x) (23)
Testing distribution - Worst bias is the 18-bit window at bit  8 - 0.058%

Testing bit 14
Testing collisions ( 32-bit) - Expected  511.9, actual    536 (1.05x) (25)
Testing distribution - Worst bias is the 18-bit window at bit 13 - 0.057%

Testing bit 15
Testing collisions ( 32-bit) - Expected  511.9, actual    504 (0.98x) (-7)
Testing distribution - Worst bias is the 18-bit window at bit  5 - 0.053%

Testing bit 16
Testing collisions ( 32-bit) - Expected  511.9, actual    541 (1.06x) (30)
Testing distribution - Worst bias is the 18-bit window at bit 27 - 0.071%

Testing bit 17
Testing collisions ( 32-bit) - Expected  511.9, actual    485 (0.95x)
Testing distribution - Worst bias is the 18-bit window at bit  3 - 0.073%

Testing bit 18
Testing collisions ( 32-bit) - Expected  511.9, actual    470 (0.92x)
Testing distribution - Worst bias is the 18-bit window at bit  8 - 0.066%

Testing bit 19
Testing collisions ( 32-bit) - Expected  511.9, actual    500 (0.98x)
Testing distribution - Worst bias is the 18-bit window at bit  9 - 0.067%

Testing bit 20
Testing collisions ( 32-bit) - Expected  511.9, actual    508 (0.99x) (-3)
Testing distribution - Worst bias is the 18-bit window at bit 19 - 0.081%

Testing bit 21
Testing collisions ( 32-bit) - Expected  511.9, actual    548 (1.07x) (37)
Testing distribution - Worst bias is the 18-bit window at bit 28 - 0.072%

Testing bit 22
Testing collisions ( 32-bit) - Expected  511.9, actual    536 (1.05x) (25)
Testing distribution - Worst bias is the 18-bit window at bit  1 - 0.073%

Testing bit 23
Testing collisions ( 32-bit) - Expected  511.9, actual    511 (1.00x)
Testing distribution - Worst bias is the 18-bit window at bit  4 - 0.069%

Testing bit 24
Testing collisions ( 32-bit) - Expected  511.9, actual    490 (0.96x)
Testing distribution - Worst bias is the 18-bit window at bit 25 - 0.067%

Testing bit 25
Testing collisions ( 32-bit) - Expected  511.9, actual    489 (0.96x)
Testing distribution - Worst bias is the 18-bit window at bit 30 - 0.075%

Testing bit 26
Testing collisions ( 32-bit) - Expected  511.9, actual    511 (1.00x)
Testing distribution - Worst bias is the 18-bit window at bit  0 - 0.095%

Testing bit 27
Testing collisions ( 32-bit) - Expected  511.9, actual    573 (1.12x) (62)
Testing distribution - Worst bias is the 18-bit window at bit 26 - 0.049%

Testing bit 28
Testing collisions ( 32-bit) - Expected  511.9, actual    480 (0.94x)
Testing distribution - Worst bias is the 18-bit window at bit 11 - 0.051%

Testing bit 29
Testing collisions ( 32-bit) - Expected  511.9, actual    503 (0.98x) (-8)
Testing distribution - Worst bias is the 18-bit window at bit  2 - 0.049%

Testing bit 30
Testing collisions ( 32-bit) - Expected  511.9, actual    526 (1.03x) (15)
Testing distribution - Worst bias is the 17-bit window at bit 20 - 0.042%

Testing bit 31
Testing collisions ( 32-bit) - Expected  511.9, actual    505 (0.99x) (-6)
Testing distribution - Worst bias is the 17-bit window at bit  6 - 0.076%

Testing bit 32
Testing collisions ( 32-bit) - Expected  511.9, actual    522 (1.02x) (11)
Testing distribution - Worst bias is the 18-bit window at bit 27 - 0.057%

Testing bit 33
Testing collisions ( 32-bit) - Expected  511.9, actual    522 (1.02x) (11)
Testing distribution - Worst bias is the 18-bit window at bit 25 - 0.075%

Testing bit 34
Testing collisions ( 32-bit) - Expected  511.9, actual    490 (0.96x)
Testing distribution - Worst bias is the 18-bit window at bit 25 - 0.065%

Testing bit 35
Testing collisions ( 32-bit) - Expected  511.9, actual    499 (0.97x)
Testing distribution - Worst bias is the 18-bit window at bit 20 - 0.066%

Testing bit 36
Testing collisions ( 32-bit) - Expected  511.9, actual    524 (1.02x) (13)
Testing distribution - Worst bias is the 18-bit window at bit 26 - 0.042%

Testing bit 37
Testing collisions ( 32-bit) - Expected  511.9, actual    521 (1.02x) (10)
Testing distribution - Worst bias is the 18-bit window at bit 18 - 0.088%

Testing bit 38
Testing collisions ( 32-bit) - Expected  511.9, actual    494 (0.97x)
Testing distribution - Worst bias is the 18-bit window at bit  4 - 0.059%

Testing bit 39
Testing collisions ( 32-bit) - Expected  511.9, actual    512 (1.00x) (1)
Testing distribution - Worst bias is the 18-bit window at bit 21 - 0.082%

Testing bit 40
Testing collisions ( 32-bit) - Expected  511.9, actual    528 (1.03x) (17)
Testing distribution - Worst bias is the 18-bit window at bit  3 - 0.072%

Testing bit 41
Testing collisions ( 32-bit) - Expected  511.9, actual    483 (0.94x)
Testing distribution - Worst bias is the 18-bit window at bit 28 - 0.084%

Testing bit 42
Testing collisions ( 32-bit) - Expected  511.9, actual    541 (1.06x) (30)
Testing distribution - Worst bias is the 18-bit window at bit  4 - 0.053%

Testing bit 43
Testing collisions ( 32-bit) - Expected  511.9, actual    522 (1.02x) (11)
Testing distribution - Worst bias is the 18-bit window at bit 20 - 0.067%

Testing bit 44
Testing collisions ( 32-bit) - Expected  511.9, actual    500 (0.98x)
Testing distribution - Worst bias is the 18-bit window at bit 15 - 0.075%

Testing bit 45
Testing collisions ( 32-bit) - Expected  511.9, actual    513 (1.00x) (2)
Testing distribution - Worst bias is the 18-bit window at bit 25 - 0.074%

Testing bit 46
Testing collisions ( 32-bit) - Expected  511.9, actual    506 (0.99x) (-5)
Testing distribution - Worst bias is the 17-bit window at bit 19 - 0.036%

Testing bit 47
Testing collisions ( 32-bit) - Expected  511.9, actual    513 (1.00x) (2)
Testing distribution - Worst bias is the 18-bit window at bit  1 - 0.068%

Testing bit 48
Testing collisions ( 32-bit) - Expected  511.9, actual    492 (0.96x)
Testing distribution - Worst bias is the 18-bit window at bit  3 - 0.075%

Testing bit 49
Testing collisions ( 32-bit) - Expected  511.9, actual    507 (0.99x) (-4)
Testing distribution - Worst bias is the 18-bit window at bit 14 - 0.075%

Testing bit 50
Testing collisions ( 32-bit) - Expected  511.9, actual    504 (0.98x) (-7)
Testing distribution - Worst bias is the 18-bit window at bit 24 - 0.095%

Testing bit 51
Testing collisions ( 32-bit) - Expected  511.9, actual    535 (1.05x) (24)
Testing distribution - Worst bias is the 18-bit window at bit  3 - 0.055%

Testing bit 52
Testing collisions ( 32-bit) - Expected  511.9, actual    497 (0.97x)
Testing distribution - Worst bias is the 18-bit window at bit  1 - 0.086%

Testing bit 53
Testing collisions ( 32-bit) - Expected  511.9, actual    482 (0.94x)
Testing distribution - Worst bias is the 18-bit window at bit 18 - 0.058%

Testing bit 54
Testing collisions ( 32-bit) - Expected  511.9, actual    500 (0.98x)
Testing distribution - Worst bias is the 17-bit window at bit 12 - 0.040%

Testing bit 55
Testing collisions ( 32-bit) - Expected  511.9, actual    531 (1.04x) (20)
Testing distribution - Worst bias is the 18-bit window at bit  4 - 0.083%

Testing bit 56
Testing collisions ( 32-bit) - Expected  511.9, actual    495 (0.97x)
Testing distribution - Worst bias is the 18-bit window at bit 19 - 0.047%

Testing bit 57
Testing collisions ( 32-bit) - Expected  511.9, actual    493 (0.96x)
Testing distribution - Worst bias is the 18-bit window at bit 24 - 0.064%

Testing bit 58
Testing collisions ( 32-bit) - Expected  511.9, actual    512 (1.00x) (1)
Testing distribution - Worst bias is the 18-bit window at bit  9 - 0.096%

Testing bit 59
Testing collisions ( 32-bit) - Expected  511.9, actual    495 (0.97x)
Testing distribution - Worst bias is the 18-bit window at bit 11 - 0.060%

Testing bit 60
Testing collisions ( 32-bit) - Expected  511.9, actual    505 (0.99x) (-6)
Testing distribution - Worst bias is the 18-bit window at bit 10 - 0.085%

Testing bit 61
Testing collisions ( 32-bit) - Expected  511.9, actual    520 (1.02x) (9)
Testing distribution - Worst bias is the 18-bit window at bit  7 - 0.034%

Testing bit 62
Testing collisions ( 32-bit) - Expected  511.9, actual    505 (0.99x) (-6)
Testing distribution - Worst bias is the 18-bit window at bit  4 - 0.062%

Testing bit 63
Testing collisions ( 32-bit) - Expected  511.9, actual    511 (1.00x)
Testing distribution - Worst bias is the 18-bit window at bit  7 - 0.069%


[[[ MomentChi2 Tests ]]]

Analyze hashes produced from a serie of linearly increasing numbers of 32-bit, using a step of 2 ... 
Target values to approximate : 1391290.000000 - 686.666667 
256 threads starting...  done
Popcount 1 stats : 1391295.228346 - 687.277057
Popcount 0 stats : 1391269.686141 - 687.251262
MomentChi2 for bits 1 :  0.0198957 
MomentChi2 for bits 0 :  0.300348 

Derivative stats (transition from 2 consecutive values) : 
Popcount 1 stats : 1391325.487415 - 687.296046
Popcount 0 stats : 1391275.948472 - 687.301992
MomentChi2 for deriv b1 :  0.916587 
MomentChi2 for deriv b0 :  0.143704 

  Great 


[[[ Prng Tests ]]]

Skipping PRNG test; it is designed for hashes >= 64-bits

[[[ BadSeeds Tests ]]]

Testing 1 internal secrets:
0x90e37057 PASS


Input vcode 0x00000001, Output vcode 0x00000001, Result vcode 0x00000001
Verification value is 0x00000001 - Testing took 774.317430 seconds
-------------------------------------------------------------------------------
