-------------------------------------------------------------------------------
--- Testing umash_secondary32_hi "umash secondary 32 hi" GOOD

[[[ Sanity Tests ]]]

Verification value 0xA06B268C ....... PASS
Running sanity check 1     .......... PASS
Running AppendedZeroesTest .......... PASS

[[[ Speed Tests ]]]

Bulk speed test - 262144-byte keys
Alignment  7 - 10.973 bytes/cycle - 31395.27 MiB/sec @ 3 ghz
Alignment  6 - 10.973 bytes/cycle - 31392.76 MiB/sec @ 3 ghz
Alignment  5 - 10.971 bytes/cycle - 31387.14 MiB/sec @ 3 ghz
Alignment  4 - 10.971 bytes/cycle - 31389.28 MiB/sec @ 3 ghz
Alignment  3 - 10.975 bytes/cycle - 31398.50 MiB/sec @ 3 ghz
Alignment  2 - 10.978 bytes/cycle - 31409.06 MiB/sec @ 3 ghz
Alignment  1 - 10.978 bytes/cycle - 31409.17 MiB/sec @ 3 ghz
Alignment  0 - 10.983 bytes/cycle - 31422.35 MiB/sec @ 3 ghz
Average      - 10.975 bytes/cycle - 31400.44 MiB/sec @ 3 ghz

Small key speed test -    1-byte keys -    15.96 cycles/hash
Small key speed test -    2-byte keys -    15.97 cycles/hash
Small key speed test -    3-byte keys -    15.95 cycles/hash
Small key speed test -    4-byte keys -    15.00 cycles/hash
Small key speed test -    5-byte keys -    15.00 cycles/hash
Small key speed test -    6-byte keys -    15.00 cycles/hash
Small key speed test -    7-byte keys -    15.00 cycles/hash
Small key speed test -    8-byte keys -    15.00 cycles/hash
Small key speed test -    9-byte keys -    25.00 cycles/hash
Small key speed test -   10-byte keys -    25.00 cycles/hash
Small key speed test -   11-byte keys -    25.00 cycles/hash
Small key speed test -   12-byte keys -    25.00 cycles/hash
Small key speed test -   13-byte keys -    25.00 cycles/hash
Small key speed test -   14-byte keys -    25.00 cycles/hash
Small key speed test -   15-byte keys -    25.00 cycles/hash
Small key speed test -   16-byte keys -    25.00 cycles/hash
Small key speed test -   17-byte keys -    36.34 cycles/hash
Small key speed test -   18-byte keys -    35.00 cycles/hash
Small key speed test -   19-byte keys -    35.19 cycles/hash
Small key speed test -   20-byte keys -    35.23 cycles/hash
Small key speed test -   21-byte keys -    35.78 cycles/hash
Small key speed test -   22-byte keys -    35.54 cycles/hash
Small key speed test -   23-byte keys -    35.52 cycles/hash
Small key speed test -   24-byte keys -    35.96 cycles/hash
Small key speed test -   25-byte keys -    35.55 cycles/hash
Small key speed test -   26-byte keys -    35.50 cycles/hash
Small key speed test -   27-byte keys -    35.72 cycles/hash
Small key speed test -   28-byte keys -    35.53 cycles/hash
Small key speed test -   29-byte keys -    35.79 cycles/hash
Small key speed test -   30-byte keys -    35.78 cycles/hash
Small key speed test -   31-byte keys -    35.73 cycles/hash
Small key speed test -   32-byte keys -    35.89 cycles/hash
Small key speed test -   33-byte keys -    41.96 cycles/hash
Small key speed test -   34-byte keys -    42.64 cycles/hash
Small key speed test -   35-byte keys -    42.91 cycles/hash
Small key speed test -   36-byte keys -    42.92 cycles/hash
Small key speed test -   37-byte keys -    42.00 cycles/hash
Small key speed test -   38-byte keys -    41.67 cycles/hash
Small key speed test -   39-byte keys -    41.67 cycles/hash
Small key speed test -   40-byte keys -    41.24 cycles/hash
Small key speed test -   41-byte keys -    41.47 cycles/hash
Small key speed test -   42-byte keys -    41.27 cycles/hash
Small key speed test -   43-byte keys -    41.29 cycles/hash
Small key speed test -   44-byte keys -    41.30 cycles/hash
Small key speed test -   45-byte keys -    41.59 cycles/hash
Small key speed test -   46-byte keys -    41.00 cycles/hash
Small key speed test -   47-byte keys -    41.22 cycles/hash
Small key speed test -   48-byte keys -    41.25 cycles/hash
Small key speed test -   49-byte keys -    42.27 cycles/hash
Small key speed test -   50-byte keys -    42.31 cycles/hash
Small key speed test -   51-byte keys -    42.00 cycles/hash
Small key speed test -   52-byte keys -    42.21 cycles/hash
Small key speed test -   53-byte keys -    67.21 cycles/hash
Small key speed test -   54-byte keys -    68.30 cycles/hash
Small key speed test -   55-byte keys -    67.86 cycles/hash
Small key speed test -   56-byte keys -    67.78 cycles/hash
Small key speed test -   57-byte keys -    68.06 cycles/hash
Small key speed test -   58-byte keys -    75.95 cycles/hash
Small key speed test -   59-byte keys -    83.77 cycles/hash
Small key speed test -   60-byte keys -    75.97 cycles/hash
Small key speed test -   61-byte keys -    68.86 cycles/hash
Small key speed test -   62-byte keys -    68.77 cycles/hash
Small key speed test -   63-byte keys -    67.91 cycles/hash
Small key speed test -   64-byte keys -    68.38 cycles/hash
Average                                    40.920 cycles/hash

[[[ 'Hashmap' Speed Tests ]]]

std::unordered_map
Init std HashMapTest:     283.498 cycles/op (102401 inserts, 1% deletions)
Running std HashMapTest:  163.260 cycles/op (1.5 stdv)

greg7mdp/parallel-hashmap
Init fast HashMapTest:    161.507 cycles/op (102401 inserts, 1% deletions)
Running fast HashMapTest: 121.339 cycles/op (13.1 stdv)  ....... PASS

[[[ Avalanche Tests ]]]

Testing   24-bit keys ->  32-bit hashes, 300000 reps worst bias is 0.692667%
Testing   32-bit keys ->  32-bit hashes, 300000 reps worst bias is 0.641333%
Testing   40-bit keys ->  32-bit hashes, 300000 reps worst bias is 0.653333%
Testing   48-bit keys ->  32-bit hashes, 300000 reps worst bias is 0.682667%
Testing   56-bit keys ->  32-bit hashes, 300000 reps worst bias is 0.684667%
Testing   64-bit keys ->  32-bit hashes, 300000 reps worst bias is 0.637333%
Testing   72-bit keys ->  32-bit hashes, 300000 reps worst bias is 0.758667%
Testing   80-bit keys ->  32-bit hashes, 300000 reps worst bias is 0.687333%
Testing   96-bit keys ->  32-bit hashes, 300000 reps worst bias is 0.721333%
Testing  112-bit keys ->  32-bit hashes, 300000 reps worst bias is 0.717333%
Testing  128-bit keys ->  32-bit hashes, 300000 reps worst bias is 0.746000%
Testing  160-bit keys ->  32-bit hashes, 300000 reps worst bias is 0.676667%
Testing  512-bit keys ->  32-bit hashes, 300000 reps worst bias is 0.829333%
Testing 1024-bit keys ->  32-bit hashes, 300000 reps worst bias is 0.736000%

[[[ Keyset 'Sparse' Tests ]]]

Keyset 'Sparse' - 16-bit keys with up to 9 bits set - 50643 keys
Testing collisions ( 32-bit) - Expected    0.3, actual      0 (0.00x)
Testing collisions (high 19-25 bits) - Worst is 21 bits: 613/611 (1.00x)
Testing collisions (high 12-bit) - Expected      46547.0, actual  46547 (1.00x)
Testing collisions (high  8-bit) - Expected      50387.0, actual  50387 (1.00x)
Testing collisions (low  19-25 bits) - Worst is 22 bits: 320/305 (1.05x)
Testing collisions (low  12-bit) - Expected      46547.0, actual  46547 (1.00x)
Testing collisions (low   8-bit) - Expected      50387.0, actual  50387 (1.00x)
Testing distribution - Worst bias is the 13-bit window at bit 23 - 0.563%

Keyset 'Sparse' - 24-bit keys with up to 8 bits set - 1271626 keys
Testing collisions ( 32-bit) - Expected  188.2, actual    197 (1.05x) (9)
Testing collisions (high 12-bit) - Expected    1267530.0, actual 1267530 (1.00x)
Testing collisions (high  8-bit) - Expected    1271370.0, actual 1271370 (1.00x)
Testing collisions (low  12-bit) - Expected    1267530.0, actual 1267530 (1.00x)
Testing collisions (low   8-bit) - Expected    1271370.0, actual 1271370 (1.00x)
Testing distribution - Worst bias is the 17-bit window at bit 20 - 0.129%

Keyset 'Sparse' - 32-bit keys with up to 7 bits set - 4514873 keys
Testing collisions ( 32-bit) - Expected 2373.0, actual   2413 (1.02x) (40)
Testing collisions (high 12-bit) - Expected    4510777.0, actual 4510777 (1.00x)
Testing collisions (high  8-bit) - Expected    4514617.0, actual 4514617 (1.00x)
Testing collisions (low  12-bit) - Expected    4510777.0, actual 4510777 (1.00x)
Testing collisions (low   8-bit) - Expected    4514617.0, actual 4514617 (1.00x)
Testing distribution - Worst bias is the 18-bit window at bit 20 - 0.044%

Keyset 'Sparse' - 40-bit keys with up to 6 bits set - 4598479 keys
Testing collisions ( 32-bit) - Expected 2461.7, actual   2512 (1.02x) (51)
Testing collisions (high 12-bit) - Expected    4594383.0, actual 4594383 (1.00x)
Testing collisions (high  8-bit) - Expected    4598223.0, actual 4598223 (1.00x)
Testing collisions (low  12-bit) - Expected    4594383.0, actual 4594383 (1.00x)
Testing collisions (low   8-bit) - Expected    4598223.0, actual 4598223 (1.00x)
Testing distribution - Worst bias is the 19-bit window at bit 16 - 0.046%

Keyset 'Sparse' - 48-bit keys with up to 6 bits set - 14196869 keys
Testing collisions ( 32-bit) - Expected 23463.6, actual  23482 (1.00x) (19)
Testing collisions (high 12-bit) - Expected   14192773.0, actual 14192773 (1.00x)
Testing collisions (high  8-bit) - Expected   14196613.0, actual 14196613 (1.00x)
Testing collisions (low  12-bit) - Expected   14192773.0, actual 14192773 (1.00x)
Testing collisions (low   8-bit) - Expected   14196613.0, actual 14196613 (1.00x)
Testing distribution - Worst bias is the 20-bit window at bit 23 - 0.032%

Keyset 'Sparse' - 56-bit keys with up to 5 bits set - 4216423 keys
Testing collisions ( 32-bit) - Expected 2069.7, actual   1978 (0.96x)
Testing collisions (high 12-bit) - Expected    4212327.0, actual 4212327 (1.00x)
Testing collisions (high  8-bit) - Expected    4216167.0, actual 4216167 (1.00x)
Testing collisions (low  12-bit) - Expected    4212327.0, actual 4212327 (1.00x)
Testing collisions (low   8-bit) - Expected    4216167.0, actual 4216167 (1.00x)
Testing distribution - Worst bias is the 19-bit window at bit 16 - 0.051%

Keyset 'Sparse' - 64-bit keys with up to 5 bits set - 8303633 keys
Testing collisions ( 32-bit) - Expected 8026.9, actual   7915 (0.99x) (-111)
Testing collisions (high 12-bit) - Expected    8299537.0, actual 8299537 (1.00x)
Testing collisions (high  8-bit) - Expected    8303377.0, actual 8303377 (1.00x)
Testing collisions (low  12-bit) - Expected    8299537.0, actual 8299537 (1.00x)
Testing collisions (low   8-bit) - Expected    8303377.0, actual 8303377 (1.00x)
Testing distribution - Worst bias is the 20-bit window at bit  9 - 0.038%

Keyset 'Sparse' - 72-bit keys with up to 5 bits set - 15082603 keys
Testing collisions ( 32-bit) - Expected 26482.7, actual  26435 (1.00x) (-47)
Testing collisions (high 12-bit) - Expected   15078507.0, actual 15078507 (1.00x)
Testing collisions (high  8-bit) - Expected   15082347.0, actual 15082347 (1.00x)
Testing collisions (low  12-bit) - Expected   15078507.0, actual 15078507 (1.00x)
Testing collisions (low   8-bit) - Expected   15082347.0, actual 15082347 (1.00x)
Testing distribution - Worst bias is the 20-bit window at bit 28 - 0.021%

Keyset 'Sparse' - 96-bit keys with up to 4 bits set - 3469497 keys
Testing collisions ( 32-bit) - Expected 1401.3, actual   1442 (1.03x) (41)
Testing collisions (high 12-bit) - Expected    3465401.0, actual 3465401 (1.00x)
Testing collisions (high  8-bit) - Expected    3469241.0, actual 3469241 (1.00x)
Testing collisions (low  12-bit) - Expected    3465401.0, actual 3465401 (1.00x)
Testing collisions (low   8-bit) - Expected    3469241.0, actual 3469241 (1.00x)
Testing distribution - Worst bias is the 19-bit window at bit 15 - 0.058%

Keyset 'Sparse' - 160-bit keys with up to 4 bits set - 26977161 keys
Testing collisions ( 32-bit) - Expected 84723.3, actual  84631 (1.00x) (-92)
Testing collisions (high 12-bit) - Expected   26973065.0, actual 26973065 (1.00x)
Testing collisions (high  8-bit) - Expected   26976905.0, actual 26976905 (1.00x)
Testing collisions (low  12-bit) - Expected   26973065.0, actual 26973065 (1.00x)
Testing collisions (low   8-bit) - Expected   26976905.0, actual 26976905 (1.00x)
Testing distribution - Worst bias is the 20-bit window at bit 21 - 0.004%

Keyset 'Sparse' - 256-bit keys with up to 3 bits set - 2796417 keys
Testing collisions ( 32-bit) - Expected  910.4, actual    891 (0.98x)
Testing collisions (high 12-bit) - Expected    2792321.0, actual 2792321 (1.00x)
Testing collisions (high  8-bit) - Expected    2796161.0, actual 2796161 (1.00x)
Testing collisions (low  12-bit) - Expected    2792321.0, actual 2792321 (1.00x)
Testing collisions (low   8-bit) - Expected    2796161.0, actual 2796161 (1.00x)
Testing distribution - Worst bias is the 19-bit window at bit 19 - 0.101%

Keyset 'Sparse' - 512-bit keys with up to 3 bits set - 22370049 keys
Testing collisions ( 32-bit) - Expected 58256.4, actual  58569 (1.01x) (313)
Testing collisions (high 12-bit) - Expected   22365953.0, actual 22365953 (1.00x)
Testing collisions (high  8-bit) - Expected   22369793.0, actual 22369793 (1.00x)
Testing collisions (low  12-bit) - Expected   22365953.0, actual 22365953 (1.00x)
Testing collisions (low   8-bit) - Expected   22369793.0, actual 22369793 (1.00x)
Testing distribution - Worst bias is the 19-bit window at bit 12 - 0.015%

Keyset 'Sparse' - 1024-bit keys with up to 2 bits set - 524801 keys
Testing collisions ( 32-bit) - Expected   32.1, actual     26 (0.81x)
Testing collisions (high 12-bit) - Expected     520705.0, actual 520705 (1.00x)
Testing collisions (high  8-bit) - Expected     524545.0, actual 524545 (1.00x)
Testing collisions (low  12-bit) - Expected     520705.0, actual 520705 (1.00x)
Testing collisions (low   8-bit) - Expected     524545.0, actual 524545 (1.00x)
Testing distribution - Worst bias is the 16-bit window at bit 14 - 0.136%

Keyset 'Sparse' - 2048-bit keys with up to 2 bits set - 2098177 keys
Testing collisions ( 32-bit) - Expected  512.5, actual    490 (0.96x)
Testing collisions (high 12-bit) - Expected    2094081.0, actual 2094081 (1.00x)
Testing collisions (high  8-bit) - Expected    2097921.0, actual 2097921 (1.00x)
Testing collisions (low  12-bit) - Expected    2094081.0, actual 2094081 (1.00x)
Testing collisions (low   8-bit) - Expected    2097921.0, actual 2097921 (1.00x)
Testing distribution - Worst bias is the 18-bit window at bit 11 - 0.073%


[[[ Keyset 'Permutation' Tests ]]]

Combination Lowbits Tests:
Keyset 'Combination' - up to 7 blocks from a set of 8 - 2396744 keys
Testing collisions ( 32-bit) - Expected  668.7, actual    677 (1.01x) (9)
Testing collisions (high 12-bit) - Expected    2392648.0, actual 2392648 (1.00x)
Testing collisions (high  8-bit) - Expected    2396488.0, actual 2396488 (1.00x)
Testing collisions (low  12-bit) - Expected    2392648.0, actual 2392648 (1.00x)
Testing collisions (low   8-bit) - Expected    2396488.0, actual 2396488 (1.00x)
Testing distribution - Worst bias is the 18-bit window at bit  9 - 0.050%


Combination Highbits Tests
Keyset 'Combination' - up to 7 blocks from a set of 8 - 2396744 keys
Testing collisions ( 32-bit) - Expected  668.7, actual    666 (1.00x) (-2)
Testing collisions (high 12-bit) - Expected    2392648.0, actual 2392648 (1.00x)
Testing collisions (high  8-bit) - Expected    2396488.0, actual 2396488 (1.00x)
Testing collisions (low  12-bit) - Expected    2392648.0, actual 2392648 (1.00x)
Testing collisions (low   8-bit) - Expected    2396488.0, actual 2396488 (1.00x)
Testing distribution - Worst bias is the 18-bit window at bit 12 - 0.054%


Combination Hi-Lo Tests:
Keyset 'Combination' - up to 6 blocks from a set of 15 - 12204240 keys
Testing collisions ( 32-bit) - Expected 17339.3, actual  17358 (1.00x) (19)
Testing collisions (high 12-bit) - Expected   12200144.0, actual 12200144 (1.00x)
Testing collisions (high  8-bit) - Expected   12203984.0, actual 12203984 (1.00x)
Testing collisions (low  12-bit) - Expected   12200144.0, actual 12200144 (1.00x)
Testing collisions (low   8-bit) - Expected   12203984.0, actual 12203984 (1.00x)
Testing distribution - Worst bias is the 20-bit window at bit 12 - 0.014%


Combination 0x8000000 Tests:
Keyset 'Combination' - up to 22 blocks from a set of 2 - 8388606 keys
Testing collisions ( 32-bit) - Expected 8192.0, actual   8286 (1.01x) (95)
Testing collisions (high 12-bit) - Expected    8384510.0, actual 8384510 (1.00x)
Testing collisions (high  8-bit) - Expected    8388350.0, actual 8388350 (1.00x)
Testing collisions (low  12-bit) - Expected    8384510.0, actual 8384510 (1.00x)
Testing collisions (low   8-bit) - Expected    8388350.0, actual 8388350 (1.00x)
Testing distribution - Worst bias is the 20-bit window at bit 30 - 0.048%


Combination 0x0000001 Tests:
Keyset 'Combination' - up to 22 blocks from a set of 2 - 8388606 keys
Testing collisions ( 32-bit) - Expected 8192.0, actual   8123 (0.99x) (-68)
Testing collisions (high 12-bit) - Expected    8384510.0, actual 8384510 (1.00x)
Testing collisions (high  8-bit) - Expected    8388350.0, actual 8388350 (1.00x)
Testing collisions (low  12-bit) - Expected    8384510.0, actual 8384510 (1.00x)
Testing collisions (low   8-bit) - Expected    8388350.0, actual 8388350 (1.00x)
Testing distribution - Worst bias is the 20-bit window at bit 13 - 0.038%


Combination 0x800000000000000 Tests:
Keyset 'Combination' - up to 22 blocks from a set of 2 - 8388606 keys
Testing collisions ( 32-bit) - Expected 8192.0, actual   8061 (0.98x) (-130)
Testing collisions (high 12-bit) - Expected    8384510.0, actual 8384510 (1.00x)
Testing collisions (high  8-bit) - Expected    8388350.0, actual 8388350 (1.00x)
Testing collisions (low  12-bit) - Expected    8384510.0, actual 8384510 (1.00x)
Testing collisions (low   8-bit) - Expected    8388350.0, actual 8388350 (1.00x)
Testing distribution - Worst bias is the 20-bit window at bit  4 - 0.039%


Combination 0x000000000000001 Tests:
Keyset 'Combination' - up to 22 blocks from a set of 2 - 8388606 keys
Testing collisions ( 32-bit) - Expected 8192.0, actual   8504 (1.04x) (313)
Testing collisions (high 12-bit) - Expected    8384510.0, actual 8384510 (1.00x)
Testing collisions (high  8-bit) - Expected    8388350.0, actual 8388350 (1.00x)
Testing collisions (low  12-bit) - Expected    8384510.0, actual 8384510 (1.00x)
Testing collisions (low   8-bit) - Expected    8388350.0, actual 8388350 (1.00x)
Testing distribution - Worst bias is the 20-bit window at bit 21 - 0.037%


Combination 16-bytes [0-1] Tests:
Keyset 'Combination' - up to 22 blocks from a set of 2 - 8388606 keys
Testing collisions ( 32-bit) - Expected 8192.0, actual   8108 (0.99x) (-83)
Testing collisions (high 12-bit) - Expected    8384510.0, actual 8384510 (1.00x)
Testing collisions (high  8-bit) - Expected    8388350.0, actual 8388350 (1.00x)
Testing collisions (low  12-bit) - Expected    8384510.0, actual 8384510 (1.00x)
Testing collisions (low   8-bit) - Expected    8388350.0, actual 8388350 (1.00x)
Testing distribution - Worst bias is the 20-bit window at bit 28 - 0.021%


Combination 16-bytes [0-last] Tests:
Keyset 'Combination' - up to 22 blocks from a set of 2 - 8388606 keys
Testing collisions ( 32-bit) - Expected 8192.0, actual   8192 (1.00x) (1)
Testing collisions (high 12-bit) - Expected    8384510.0, actual 8384510 (1.00x)
Testing collisions (high  8-bit) - Expected    8388350.0, actual 8388350 (1.00x)
Testing collisions (low  12-bit) - Expected    8384510.0, actual 8384510 (1.00x)
Testing collisions (low   8-bit) - Expected    8388350.0, actual 8388350 (1.00x)
Testing distribution - Worst bias is the 19-bit window at bit 21 - 0.018%


Combination 32-bytes [0-1] Tests:
Keyset 'Combination' - up to 22 blocks from a set of 2 - 8388606 keys
Testing collisions ( 32-bit) - Expected 8192.0, actual   8261 (1.01x) (70)
Testing collisions (high 12-bit) - Expected    8384510.0, actual 8384510 (1.00x)
Testing collisions (high  8-bit) - Expected    8388350.0, actual 8388350 (1.00x)
Testing collisions (low  12-bit) - Expected    8384510.0, actual 8384510 (1.00x)
Testing collisions (low   8-bit) - Expected    8388350.0, actual 8388350 (1.00x)
Testing distribution - Worst bias is the 20-bit window at bit 27 - 0.031%


Combination 32-bytes [0-last] Tests:
Keyset 'Combination' - up to 22 blocks from a set of 2 - 8388606 keys
Testing collisions ( 32-bit) - Expected 8192.0, actual   8293 (1.01x) (102)
Testing collisions (high 12-bit) - Expected    8384510.0, actual 8384510 (1.00x)
Testing collisions (high  8-bit) - Expected    8388350.0, actual 8388350 (1.00x)
Testing collisions (low  12-bit) - Expected    8384510.0, actual 8384510 (1.00x)
Testing collisions (low   8-bit) - Expected    8388350.0, actual 8388350 (1.00x)
Testing distribution - Worst bias is the 20-bit window at bit 11 - 0.037%


Combination 64-bytes [0-1] Tests:
Keyset 'Combination' - up to 22 blocks from a set of 2 - 8388606 keys
Testing collisions ( 32-bit) - Expected 8192.0, actual   7963 (0.97x)
Testing collisions (high 12-bit) - Expected    8384510.0, actual 8384510 (1.00x)
Testing collisions (high  8-bit) - Expected    8388350.0, actual 8388350 (1.00x)
Testing collisions (low  12-bit) - Expected    8384510.0, actual 8384510 (1.00x)
Testing collisions (low   8-bit) - Expected    8388350.0, actual 8388350 (1.00x)
Testing distribution - Worst bias is the 20-bit window at bit 31 - 0.046%


Combination 64-bytes [0-last] Tests:
Keyset 'Combination' - up to 22 blocks from a set of 2 - 8388606 keys
Testing collisions ( 32-bit) - Expected 8192.0, actual   8288 (1.01x) (97)
Testing collisions (high 12-bit) - Expected    8384510.0, actual 8384510 (1.00x)
Testing collisions (high  8-bit) - Expected    8388350.0, actual 8388350 (1.00x)
Testing collisions (low  12-bit) - Expected    8384510.0, actual 8384510 (1.00x)
Testing collisions (low   8-bit) - Expected    8388350.0, actual 8388350 (1.00x)
Testing distribution - Worst bias is the 20-bit window at bit 13 - 0.051%


Combination 128-bytes [0-1] Tests:
Keyset 'Combination' - up to 22 blocks from a set of 2 - 8388606 keys
Testing collisions ( 32-bit) - Expected 8192.0, actual   8218 (1.00x) (27)
Testing collisions (high 12-bit) - Expected    8384510.0, actual 8384510 (1.00x)
Testing collisions (high  8-bit) - Expected    8388350.0, actual 8388350 (1.00x)
Testing collisions (low  12-bit) - Expected    8384510.0, actual 8384510 (1.00x)
Testing collisions (low   8-bit) - Expected    8388350.0, actual 8388350 (1.00x)
Testing distribution - Worst bias is the 20-bit window at bit 27 - 0.021%


Combination 128-bytes [0-last] Tests:
Keyset 'Combination' - up to 22 blocks from a set of 2 - 8388606 keys
Testing collisions ( 32-bit) - Expected 8192.0, actual   8099 (0.99x) (-92)
Testing collisions (high 12-bit) - Expected    8384510.0, actual 8384510 (1.00x)
Testing collisions (high  8-bit) - Expected    8388350.0, actual 8388350 (1.00x)
Testing collisions (low  12-bit) - Expected    8384510.0, actual 8384510 (1.00x)
Testing collisions (low   8-bit) - Expected    8388350.0, actual 8388350 (1.00x)
Testing distribution - Worst bias is the 20-bit window at bit 21 - 0.038%


[[[ Keyset 'Window' Tests ]]]

Keyset 'Window' -  72-bit key,  20-bit window - 72 tests, 1048576 keys per test
Window at   0 - Testing collisions ( 32-bit) - Expected  128.0, actual    115 (0.90x)
Window at   1 - Testing collisions ( 32-bit) - Expected  128.0, actual    140 (1.09x) (13)
Window at   2 - Testing collisions ( 32-bit) - Expected  128.0, actual    130 (1.02x) (3)
Window at   3 - Testing collisions ( 32-bit) - Expected  128.0, actual    115 (0.90x)
Window at   4 - Testing collisions ( 32-bit) - Expected  128.0, actual    128 (1.00x) (1)
Window at   5 - Testing collisions ( 32-bit) - Expected  128.0, actual    132 (1.03x) (5)
Window at   6 - Testing collisions ( 32-bit) - Expected  128.0, actual    127 (0.99x)
Window at   7 - Testing collisions ( 32-bit) - Expected  128.0, actual    127 (0.99x)
Window at   8 - Testing collisions ( 32-bit) - Expected  128.0, actual    123 (0.96x)
Window at   9 - Testing collisions ( 32-bit) - Expected  128.0, actual    152 (1.19x) (25)
Window at  10 - Testing collisions ( 32-bit) - Expected  128.0, actual    135 (1.05x) (8)
Window at  11 - Testing collisions ( 32-bit) - Expected  128.0, actual    118 (0.92x)
Window at  12 - Testing collisions ( 32-bit) - Expected  128.0, actual    106 (0.83x)
Window at  13 - Testing collisions ( 32-bit) - Expected  128.0, actual    116 (0.91x)
Window at  14 - Testing collisions ( 32-bit) - Expected  128.0, actual    128 (1.00x) (1)
Window at  15 - Testing collisions ( 32-bit) - Expected  128.0, actual    129 (1.01x) (2)
Window at  16 - Testing collisions ( 32-bit) - Expected  128.0, actual    113 (0.88x)
Window at  17 - Testing collisions ( 32-bit) - Expected  128.0, actual    107 (0.84x)
Window at  18 - Testing collisions ( 32-bit) - Expected  128.0, actual    126 (0.98x) (-1)
Window at  19 - Testing collisions ( 32-bit) - Expected  128.0, actual    124 (0.97x)
Window at  20 - Testing collisions ( 32-bit) - Expected  128.0, actual    130 (1.02x) (3)
Window at  21 - Testing collisions ( 32-bit) - Expected  128.0, actual    132 (1.03x) (5)
Window at  22 - Testing collisions ( 32-bit) - Expected  128.0, actual    100 (0.78x)
Window at  23 - Testing collisions ( 32-bit) - Expected  128.0, actual    141 (1.10x) (14)
Window at  24 - Testing collisions ( 32-bit) - Expected  128.0, actual    112 (0.88x)
Window at  25 - Testing collisions ( 32-bit) - Expected  128.0, actual    112 (0.88x)
Window at  26 - Testing collisions ( 32-bit) - Expected  128.0, actual    105 (0.82x)
Window at  27 - Testing collisions ( 32-bit) - Expected  128.0, actual    127 (0.99x)
Window at  28 - Testing collisions ( 32-bit) - Expected  128.0, actual    127 (0.99x)
Window at  29 - Testing collisions ( 32-bit) - Expected  128.0, actual    126 (0.98x) (-1)
Window at  30 - Testing collisions ( 32-bit) - Expected  128.0, actual    127 (0.99x)
Window at  31 - Testing collisions ( 32-bit) - Expected  128.0, actual    124 (0.97x)
Window at  32 - Testing collisions ( 32-bit) - Expected  128.0, actual    127 (0.99x)
Window at  33 - Testing collisions ( 32-bit) - Expected  128.0, actual    118 (0.92x)
Window at  34 - Testing collisions ( 32-bit) - Expected  128.0, actual    122 (0.95x)
Window at  35 - Testing collisions ( 32-bit) - Expected  128.0, actual    129 (1.01x) (2)
Window at  36 - Testing collisions ( 32-bit) - Expected  128.0, actual    107 (0.84x)
Window at  37 - Testing collisions ( 32-bit) - Expected  128.0, actual    137 (1.07x) (10)
Window at  38 - Testing collisions ( 32-bit) - Expected  128.0, actual    135 (1.05x) (8)
Window at  39 - Testing collisions ( 32-bit) - Expected  128.0, actual    116 (0.91x)
Window at  40 - Testing collisions ( 32-bit) - Expected  128.0, actual    120 (0.94x)
Window at  41 - Testing collisions ( 32-bit) - Expected  128.0, actual    123 (0.96x)
Window at  42 - Testing collisions ( 32-bit) - Expected  128.0, actual    114 (0.89x)
Window at  43 - Testing collisions ( 32-bit) - Expected  128.0, actual    134 (1.05x) (7)
Window at  44 - Testing collisions ( 32-bit) - Expected  128.0, actual    153 (1.20x) (26)
Window at  45 - Testing collisions ( 32-bit) - Expected  128.0, actual    129 (1.01x) (2)
Window at  46 - Testing collisions ( 32-bit) - Expected  128.0, actual    125 (0.98x)
Window at  47 - Testing collisions ( 32-bit) - Expected  128.0, actual    144 (1.13x) (17)
Window at  48 - Testing collisions ( 32-bit) - Expected  128.0, actual    138 (1.08x) (11)
Window at  49 - Testing collisions ( 32-bit) - Expected  128.0, actual    111 (0.87x)
Window at  50 - Testing collisions ( 32-bit) - Expected  128.0, actual    118 (0.92x)
Window at  51 - Testing collisions ( 32-bit) - Expected  128.0, actual    130 (1.02x) (3)
Window at  52 - Testing collisions ( 32-bit) - Expected  128.0, actual    140 (1.09x) (13)
Window at  53 - Testing collisions ( 32-bit) - Expected  128.0, actual    120 (0.94x)
Window at  54 - Testing collisions ( 32-bit) - Expected  128.0, actual    123 (0.96x)
Window at  55 - Testing collisions ( 32-bit) - Expected  128.0, actual    128 (1.00x) (1)
Window at  56 - Testing collisions ( 32-bit) - Expected  128.0, actual    132 (1.03x) (5)
Window at  57 - Testing collisions ( 32-bit) - Expected  128.0, actual    121 (0.95x)
Window at  58 - Testing collisions ( 32-bit) - Expected  128.0, actual    112 (0.88x)
Window at  59 - Testing collisions ( 32-bit) - Expected  128.0, actual    130 (1.02x) (3)
Window at  60 - Testing collisions ( 32-bit) - Expected  128.0, actual    127 (0.99x)
Window at  61 - Testing collisions ( 32-bit) - Expected  128.0, actual    154 (1.20x) (27)
Window at  62 - Testing collisions ( 32-bit) - Expected  128.0, actual    119 (0.93x)
Window at  63 - Testing collisions ( 32-bit) - Expected  128.0, actual    140 (1.09x) (13)
Window at  64 - Testing collisions ( 32-bit) - Expected  128.0, actual    136 (1.06x) (9)
Window at  65 - Testing collisions ( 32-bit) - Expected  128.0, actual    130 (1.02x) (3)
Window at  66 - Testing collisions ( 32-bit) - Expected  128.0, actual    144 (1.13x) (17)
Window at  67 - Testing collisions ( 32-bit) - Expected  128.0, actual    133 (1.04x) (6)
Window at  68 - Testing collisions ( 32-bit) - Expected  128.0, actual    140 (1.09x) (13)
Window at  69 - Testing collisions ( 32-bit) - Expected  128.0, actual    124 (0.97x)
Window at  70 - Testing collisions ( 32-bit) - Expected  128.0, actual    117 (0.91x)
Window at  71 - Testing collisions ( 32-bit) - Expected  128.0, actual    118 (0.92x)
Window at  72 - Testing collisions ( 32-bit) - Expected  128.0, actual    115 (0.90x)

[[[ Keyset 'Cyclic' Tests ]]]

Keyset 'Cyclic' - 8 cycles of 4 bytes - 1000000 keys
Testing collisions ( 32-bit) - Expected  116.4, actual    103 (0.88x)
Testing collisions (high 12-bit) - Expected     995904.0, actual 995904 (1.00x)
Testing collisions (high  8-bit) - Expected     999744.0, actual 999744 (1.00x)
Testing collisions (low  12-bit) - Expected     995904.0, actual 995904 (1.00x)
Testing collisions (low   8-bit) - Expected     999744.0, actual 999744 (1.00x)
Testing distribution - Worst bias is the 17-bit window at bit 16 - 0.089%

Keyset 'Cyclic' - 8 cycles of 5 bytes - 1000000 keys
Testing collisions ( 32-bit) - Expected  116.4, actual    127 (1.09x) (11)
Testing collisions (high 12-bit) - Expected     995904.0, actual 995904 (1.00x)
Testing collisions (high  8-bit) - Expected     999744.0, actual 999744 (1.00x)
Testing collisions (low  12-bit) - Expected     995904.0, actual 995904 (1.00x)
Testing collisions (low   8-bit) - Expected     999744.0, actual 999744 (1.00x)
Testing distribution - Worst bias is the 17-bit window at bit 10 - 0.075%

Keyset 'Cyclic' - 8 cycles of 6 bytes - 1000000 keys
Testing collisions ( 32-bit) - Expected  116.4, actual    115 (0.99x) (-1)
Testing collisions (high 12-bit) - Expected     995904.0, actual 995904 (1.00x)
Testing collisions (high  8-bit) - Expected     999744.0, actual 999744 (1.00x)
Testing collisions (low  12-bit) - Expected     995904.0, actual 995904 (1.00x)
Testing collisions (low   8-bit) - Expected     999744.0, actual 999744 (1.00x)
Testing distribution - Worst bias is the 17-bit window at bit 26 - 0.106%

Keyset 'Cyclic' - 8 cycles of 7 bytes - 1000000 keys
Testing collisions ( 32-bit) - Expected  116.4, actual    130 (1.12x) (14)
Testing collisions (high 12-bit) - Expected     995904.0, actual 995904 (1.00x)
Testing collisions (high  8-bit) - Expected     999744.0, actual 999744 (1.00x)
Testing collisions (low  12-bit) - Expected     995904.0, actual 995904 (1.00x)
Testing collisions (low   8-bit) - Expected     999744.0, actual 999744 (1.00x)
Testing distribution - Worst bias is the 17-bit window at bit 23 - 0.087%

Keyset 'Cyclic' - 8 cycles of 8 bytes - 1000000 keys
Testing collisions ( 32-bit) - Expected  116.4, actual    117 (1.01x) (1)
Testing collisions (high 12-bit) - Expected     995904.0, actual 995904 (1.00x)
Testing collisions (high  8-bit) - Expected     999744.0, actual 999744 (1.00x)
Testing collisions (low  12-bit) - Expected     995904.0, actual 995904 (1.00x)
Testing collisions (low   8-bit) - Expected     999744.0, actual 999744 (1.00x)
Testing distribution - Worst bias is the 17-bit window at bit 16 - 0.138%

Keyset 'Cyclic' - 8 cycles of 12 bytes - 1000000 keys
Testing collisions ( 32-bit) - Expected  116.4, actual    113 (0.97x)
Testing collisions (high 12-bit) - Expected     995904.0, actual 995904 (1.00x)
Testing collisions (high  8-bit) - Expected     999744.0, actual 999744 (1.00x)
Testing collisions (low  12-bit) - Expected     995904.0, actual 995904 (1.00x)
Testing collisions (low   8-bit) - Expected     999744.0, actual 999744 (1.00x)
Testing distribution - Worst bias is the 17-bit window at bit 11 - 0.099%


[[[ Keyset 'TwoBytes' Tests ]]]

Keyset 'TwoBytes' - up-to-4-byte keys, 652545 total keys
Testing collisions ( 32-bit) - Expected   49.6, actual     52 (1.05x) (3)
Testing collisions (high 12-bit) - Expected     648449.0, actual 648449 (1.00x)
Testing collisions (high  8-bit) - Expected     652289.0, actual 652289 (1.00x)
Testing collisions (low  12-bit) - Expected     648449.0, actual 648449 (1.00x)
Testing collisions (low   8-bit) - Expected     652289.0, actual 652289 (1.00x)
Testing distribution - Worst bias is the 16-bit window at bit  4 - 0.133%

Keyset 'TwoBytes' - up-to-8-byte keys, 5471025 total keys
Testing collisions ( 32-bit) - Expected 3484.6, actual   3471 (1.00x) (-13)
Testing collisions (high 12-bit) - Expected    5466929.0, actual 5466929 (1.00x)
Testing collisions (high  8-bit) - Expected    5470769.0, actual 5470769 (1.00x)
Testing collisions (low  12-bit) - Expected    5466929.0, actual 5466929 (1.00x)
Testing collisions (low   8-bit) - Expected    5470769.0, actual 5470769 (1.00x)
Testing distribution - Worst bias is the 20-bit window at bit 24 - 0.058%

Keyset 'TwoBytes' - up-to-12-byte keys, 18616785 total keys
Testing collisions ( 32-bit) - Expected 40347.8, actual  40098 (0.99x) (-249)
Testing collisions (high 12-bit) - Expected   18612689.0, actual 18612689 (1.00x)
Testing collisions (high  8-bit) - Expected   18616529.0, actual 18616529 (1.00x)
Testing collisions (low  12-bit) - Expected   18612689.0, actual 18612689 (1.00x)
Testing collisions (low   8-bit) - Expected   18616529.0, actual 18616529 (1.00x)
Testing distribution - Worst bias is the 20-bit window at bit 28 - 0.012%

Keyset 'TwoBytes' - up-to-16-byte keys, 44251425 total keys
Testing collisions ( 32-bit) - Expected 227963.2, actual 226650 (0.99x) (-1313)
Testing collisions (high 12-bit) - Expected   44247329.0, actual 44247329 (1.00x)
Testing collisions (high  8-bit) - Expected   44251169.0, actual 44251169 (1.00x)
Testing collisions (low  12-bit) - Expected   44247329.0, actual 44247329 (1.00x)
Testing collisions (low   8-bit) - Expected   44251169.0, actual 44251169 (1.00x)
Testing distribution - Worst bias is the 19-bit window at bit 20 - 0.005%

Keyset 'TwoBytes' - up-to-20-byte keys, 86536545 total keys
Testing collisions ( 32-bit) - Expected 871784.7, actual 866271 (0.99x) (-5513)
Testing collisions (high 12-bit) - Expected   86532449.0, actual 86532449 (1.00x)
Testing collisions (high  8-bit) - Expected   86536289.0, actual 86536289 (1.00x)
Testing collisions (low  12-bit) - Expected   86532449.0, actual 86532449 (1.00x)
Testing collisions (low   8-bit) - Expected   86536289.0, actual 86536289 (1.00x)
Testing distribution - Worst bias is the 20-bit window at bit  5 - 0.002%

Keyset 'TwoBytes' - up-to-24-byte keys, 149633745 total keys
Testing collisions ( 32-bit) - Expected 2606569.0, actual 2575867 (0.99x) (-30702)
Testing collisions (high 12-bit) - Expected  149629649.0, actual 149629649 (1.00x)
Testing collisions (high  8-bit) - Expected  149633489.0, actual 149633489 (1.00x)
Testing collisions (low  12-bit) - Expected  149629649.0, actual 149629649 (1.00x)
Testing collisions (low   8-bit) - Expected  149633489.0, actual 149633489 (1.00x)
Testing distribution - Worst bias is the 20-bit window at bit 27 - 0.001%


[[[ Keyset 'Text' Tests ]]]

Keyset 'Text' - keys of form "FooXXXXBar" - 14776336 keys
Testing collisions ( 32-bit) - Expected 25418.1, actual  25601 (1.01x) (183)
Testing collisions (high 12-bit) - Expected   14772240.0, actual 14772240 (1.00x)
Testing collisions (high  8-bit) - Expected   14776080.0, actual 14776080 (1.00x)
Testing collisions (low  12-bit) - Expected   14772240.0, actual 14772240 (1.00x)
Testing collisions (low   8-bit) - Expected   14776080.0, actual 14776080 (1.00x)
Testing distribution - Worst bias is the 20-bit window at bit 18 - 0.026%

Keyset 'Text' - keys of form "FooBarXXXX" - 14776336 keys
Testing collisions ( 32-bit) - Expected 25418.1, actual  25445 (1.00x) (27)
Testing collisions (high 12-bit) - Expected   14772240.0, actual 14772240 (1.00x)
Testing collisions (high  8-bit) - Expected   14776080.0, actual 14776080 (1.00x)
Testing collisions (low  12-bit) - Expected   14772240.0, actual 14772240 (1.00x)
Testing collisions (low   8-bit) - Expected   14776080.0, actual 14776080 (1.00x)
Testing distribution - Worst bias is the 20-bit window at bit 10 - 0.017%

Keyset 'Text' - keys of form "XXXXFooBar" - 14776336 keys
Testing collisions ( 32-bit) - Expected 25418.1, actual  25311 (1.00x) (-107)
Testing collisions (high 12-bit) - Expected   14772240.0, actual 14772240 (1.00x)
Testing collisions (high  8-bit) - Expected   14776080.0, actual 14776080 (1.00x)
Testing collisions (low  12-bit) - Expected   14772240.0, actual 14772240 (1.00x)
Testing collisions (low   8-bit) - Expected   14776080.0, actual 14776080 (1.00x)
Testing distribution - Worst bias is the 20-bit window at bit  4 - 0.028%

Keyset 'Words' - 4000000 random keys of len 6-16 from alnum charset
Testing collisions ( 32-bit) - Expected 1862.6, actual   1860 (1.00x) (-2)
Testing collisions (high 12-bit) - Expected    3995904.0, actual 3995904 (1.00x)
Testing collisions (high  8-bit) - Expected    3999744.0, actual 3999744 (1.00x)
Testing collisions (low  12-bit) - Expected    3995904.0, actual 3995904 (1.00x)
Testing collisions (low   8-bit) - Expected    3999744.0, actual 3999744 (1.00x)
Testing distribution - Worst bias is the 18-bit window at bit 25 - 0.030%

Keyset 'Words' - 4000000 random keys of len 6-16 from password charset
Testing collisions ( 32-bit) - Expected 1862.6, actual   1898 (1.02x) (36)
Testing collisions (high 12-bit) - Expected    3995904.0, actual 3995904 (1.00x)
Testing collisions (high  8-bit) - Expected    3999744.0, actual 3999744 (1.00x)
Testing collisions (low  12-bit) - Expected    3995904.0, actual 3995904 (1.00x)
Testing collisions (low   8-bit) - Expected    3999744.0, actual 3999744 (1.00x)
Testing distribution - Worst bias is the 19-bit window at bit 17 - 0.054%

Keyset 'Words' - 102401 dict words
Testing collisions ( 32-bit) - Expected    1.2, actual      2 (1.64x) (1)
Testing collisions (high 20-27 bits) - Worst is 27 bits: 45/39 (1.15x)
Testing collisions (high 12-bit) - Expected      98305.0, actual  98305 (1.00x)
Testing collisions (high  8-bit) - Expected     102145.0, actual 102145 (1.00x)
Testing collisions (low  20-27 bits) - Worst is 27 bits: 54/39 (1.38x)
Testing collisions (low  12-bit) - Expected      98305.0, actual  98305 (1.00x)
Testing collisions (low   8-bit) - Expected     102145.0, actual 102145 (1.00x)
Testing distribution - Worst bias is the 14-bit window at bit 31 - 0.502%


[[[ Keyset 'Zeroes' Tests ]]]

Keyset 'Zeroes' - 204800 keys
Testing collisions ( 32-bit) - Expected    4.9, actual      7 (1.43x) (3)
Testing collisions (high 21-29 bits) - Worst is 25 bits: 645/624 (1.03x)
Testing collisions (high 12-bit) - Expected     200704.0, actual 200704 (1.00x)
Testing collisions (high  8-bit) - Expected     204544.0, actual 204544 (1.00x)
Testing collisions (low  21-29 bits) - Worst is 27 bits: 162/156 (1.04x)
Testing collisions (low  12-bit) - Expected     200704.0, actual 200704 (1.00x)
Testing collisions (low   8-bit) - Expected     204544.0, actual 204544 (1.00x)
Testing distribution - Worst bias is the 14-bit window at bit  1 - 0.187%


[[[ Keyset 'Seed' Tests ]]]

Keyset 'Seed' - 5000000 keys
Testing collisions ( 32-bit) - Expected 2910.4, actual   2893 (0.99x) (-17)
Testing collisions (high 12-bit) - Expected    4995904.0, actual 4995904 (1.00x)
Testing collisions (high  8-bit) - Expected    4999744.0, actual 4999744 (1.00x)
Testing collisions (low  12-bit) - Expected    4995904.0, actual 4995904 (1.00x)
Testing collisions (low   8-bit) - Expected    4999744.0, actual 4999744 (1.00x)
Testing distribution - Worst bias is the 19-bit window at bit 31 - 0.091%


[[[ Keyset 'PerlinNoise' Tests ]]]

Testing 16777216 coordinates (L2) : 
Testing collisions ( 32-bit) - Expected 32768.0, actual  37941 (1.16x) (5174)
Testing collisions (high 12-bit) - Expected   16773120.0, actual 16773120 (1.00x)
Testing collisions (high  8-bit) - Expected   16776960.0, actual 16776960 (1.00x)
Testing collisions (low  12-bit) - Expected   16773120.0, actual 16773120 (1.00x)
Testing collisions (low   8-bit) - Expected   16776960.0, actual 16776960 (1.00x)


[[[ Diff 'Differential' Tests ]]]

Testing 8303632 up-to-5-bit differentials in 64-bit keys -> 32 bit hashes.
1000 reps, 8303632000 total tests, expecting 1.93 random collisions..........
2 total collisions, of which 2 single collisions were ignored

Testing 11017632 up-to-4-bit differentials in 128-bit keys -> 32 bit hashes.
1000 reps, 11017632000 total tests, expecting 2.57 random collisions..........
2 total collisions, of which 2 single collisions were ignored

Testing 2796416 up-to-3-bit differentials in 256-bit keys -> 32 bit hashes.
1000 reps, 2796416000 total tests, expecting 0.65 random collisions..........
1 total collisions, of which 1 single collisions were ignored


[[[ DiffDist 'Differential Distribution' Tests ]]]

Testing bit 0
Testing collisions ( 32-bit) - Expected  512.0, actual    529 (1.03x) (18)
Testing collisions (high 12-bit) - Expected    2093056.0, actual 2093056 (1.00x)
Testing collisions (high  8-bit) - Expected    2096896.0, actual 2096896 (1.00x)
Testing collisions (low  12-bit) - Expected    2093056.0, actual 2093056 (1.00x)
Testing collisions (low   8-bit) - Expected    2096896.0, actual 2096896 (1.00x)

Testing bit 1
Testing collisions ( 32-bit) - Expected  512.0, actual    500 (0.98x)
Testing collisions (high 12-bit) - Expected    2093056.0, actual 2093056 (1.00x)
Testing collisions (high  8-bit) - Expected    2096896.0, actual 2096896 (1.00x)
Testing collisions (low  12-bit) - Expected    2093056.0, actual 2093056 (1.00x)
Testing collisions (low   8-bit) - Expected    2096896.0, actual 2096896 (1.00x)

Testing bit 2
Testing collisions ( 32-bit) - Expected  512.0, actual    545 (1.06x) (34)
Testing collisions (high 12-bit) - Expected    2093056.0, actual 2093056 (1.00x)
Testing collisions (high  8-bit) - Expected    2096896.0, actual 2096896 (1.00x)
Testing collisions (low  12-bit) - Expected    2093056.0, actual 2093056 (1.00x)
Testing collisions (low   8-bit) - Expected    2096896.0, actual 2096896 (1.00x)

Testing bit 3
Testing collisions ( 32-bit) - Expected  512.0, actual    487 (0.95x)
Testing collisions (high 12-bit) - Expected    2093056.0, actual 2093056 (1.00x)
Testing collisions (high  8-bit) - Expected    2096896.0, actual 2096896 (1.00x)
Testing collisions (low  12-bit) - Expected    2093056.0, actual 2093056 (1.00x)
Testing collisions (low   8-bit) - Expected    2096896.0, actual 2096896 (1.00x)

Testing bit 4
Testing collisions ( 32-bit) - Expected  512.0, actual    486 (0.95x)
Testing collisions (high 12-bit) - Expected    2093056.0, actual 2093056 (1.00x)
Testing collisions (high  8-bit) - Expected    2096896.0, actual 2096896 (1.00x)
Testing collisions (low  12-bit) - Expected    2093056.0, actual 2093056 (1.00x)
Testing collisions (low   8-bit) - Expected    2096896.0, actual 2096896 (1.00x)

Testing bit 5
Testing collisions ( 32-bit) - Expected  512.0, actual    518 (1.01x) (7)
Testing collisions (high 12-bit) - Expected    2093056.0, actual 2093056 (1.00x)
Testing collisions (high  8-bit) - Expected    2096896.0, actual 2096896 (1.00x)
Testing collisions (low  12-bit) - Expected    2093056.0, actual 2093056 (1.00x)
Testing collisions (low   8-bit) - Expected    2096896.0, actual 2096896 (1.00x)

Testing bit 6
Testing collisions ( 32-bit) - Expected  512.0, actual    521 (1.02x) (10)
Testing collisions (high 12-bit) - Expected    2093056.0, actual 2093056 (1.00x)
Testing collisions (high  8-bit) - Expected    2096896.0, actual 2096896 (1.00x)
Testing collisions (low  12-bit) - Expected    2093056.0, actual 2093056 (1.00x)
Testing collisions (low   8-bit) - Expected    2096896.0, actual 2096896 (1.00x)

Testing bit 7
Testing collisions ( 32-bit) - Expected  512.0, actual    487 (0.95x)
Testing collisions (high 12-bit) - Expected    2093056.0, actual 2093056 (1.00x)
Testing collisions (high  8-bit) - Expected    2096896.0, actual 2096896 (1.00x)
Testing collisions (low  12-bit) - Expected    2093056.0, actual 2093056 (1.00x)
Testing collisions (low   8-bit) - Expected    2096896.0, actual 2096896 (1.00x)

Testing bit 8
Testing collisions ( 32-bit) - Expected  512.0, actual    494 (0.96x)
Testing collisions (high 12-bit) - Expected    2093056.0, actual 2093056 (1.00x)
Testing collisions (high  8-bit) - Expected    2096896.0, actual 2096896 (1.00x)
Testing collisions (low  12-bit) - Expected    2093056.0, actual 2093056 (1.00x)
Testing collisions (low   8-bit) - Expected    2096896.0, actual 2096896 (1.00x)

Testing bit 9
Testing collisions ( 32-bit) - Expected  512.0, actual    494 (0.96x)
Testing collisions (high 12-bit) - Expected    2093056.0, actual 2093056 (1.00x)
Testing collisions (high  8-bit) - Expected    2096896.0, actual 2096896 (1.00x)
Testing collisions (low  12-bit) - Expected    2093056.0, actual 2093056 (1.00x)
Testing collisions (low   8-bit) - Expected    2096896.0, actual 2096896 (1.00x)

Testing bit 10
Testing collisions ( 32-bit) - Expected  512.0, actual    503 (0.98x) (-8)
Testing collisions (high 12-bit) - Expected    2093056.0, actual 2093056 (1.00x)
Testing collisions (high  8-bit) - Expected    2096896.0, actual 2096896 (1.00x)
Testing collisions (low  12-bit) - Expected    2093056.0, actual 2093056 (1.00x)
Testing collisions (low   8-bit) - Expected    2096896.0, actual 2096896 (1.00x)

Testing bit 11
Testing collisions ( 32-bit) - Expected  512.0, actual    520 (1.02x) (9)
Testing collisions (high 12-bit) - Expected    2093056.0, actual 2093056 (1.00x)
Testing collisions (high  8-bit) - Expected    2096896.0, actual 2096896 (1.00x)
Testing collisions (low  12-bit) - Expected    2093056.0, actual 2093056 (1.00x)
Testing collisions (low   8-bit) - Expected    2096896.0, actual 2096896 (1.00x)

Testing bit 12
Testing collisions ( 32-bit) - Expected  512.0, actual    482 (0.94x)
Testing collisions (high 12-bit) - Expected    2093056.0, actual 2093056 (1.00x)
Testing collisions (high  8-bit) - Expected    2096896.0, actual 2096896 (1.00x)
Testing collisions (low  12-bit) - Expected    2093056.0, actual 2093056 (1.00x)
Testing collisions (low   8-bit) - Expected    2096896.0, actual 2096896 (1.00x)

Testing bit 13
Testing collisions ( 32-bit) - Expected  512.0, actual    515 (1.01x) (4)
Testing collisions (high 12-bit) - Expected    2093056.0, actual 2093056 (1.00x)
Testing collisions (high  8-bit) - Expected    2096896.0, actual 2096896 (1.00x)
Testing collisions (low  12-bit) - Expected    2093056.0, actual 2093056 (1.00x)
Testing collisions (low   8-bit) - Expected    2096896.0, actual 2096896 (1.00x)

Testing bit 14
Testing collisions ( 32-bit) - Expected  512.0, actual    477 (0.93x)
Testing collisions (high 12-bit) - Expected    2093056.0, actual 2093056 (1.00x)
Testing collisions (high  8-bit) - Expected    2096896.0, actual 2096896 (1.00x)
Testing collisions (low  12-bit) - Expected    2093056.0, actual 2093056 (1.00x)
Testing collisions (low   8-bit) - Expected    2096896.0, actual 2096896 (1.00x)

Testing bit 15
Testing collisions ( 32-bit) - Expected  512.0, actual    484 (0.95x)
Testing collisions (high 12-bit) - Expected    2093056.0, actual 2093056 (1.00x)
Testing collisions (high  8-bit) - Expected    2096896.0, actual 2096896 (1.00x)
Testing collisions (low  12-bit) - Expected    2093056.0, actual 2093056 (1.00x)
Testing collisions (low   8-bit) - Expected    2096896.0, actual 2096896 (1.00x)

Testing bit 16
Testing collisions ( 32-bit) - Expected  512.0, actual    485 (0.95x)
Testing collisions (high 12-bit) - Expected    2093056.0, actual 2093056 (1.00x)
Testing collisions (high  8-bit) - Expected    2096896.0, actual 2096896 (1.00x)
Testing collisions (low  12-bit) - Expected    2093056.0, actual 2093056 (1.00x)
Testing collisions (low   8-bit) - Expected    2096896.0, actual 2096896 (1.00x)

Testing bit 17
Testing collisions ( 32-bit) - Expected  512.0, actual    475 (0.93x)
Testing collisions (high 12-bit) - Expected    2093056.0, actual 2093056 (1.00x)
Testing collisions (high  8-bit) - Expected    2096896.0, actual 2096896 (1.00x)
Testing collisions (low  12-bit) - Expected    2093056.0, actual 2093056 (1.00x)
Testing collisions (low   8-bit) - Expected    2096896.0, actual 2096896 (1.00x)

Testing bit 18
Testing collisions ( 32-bit) - Expected  512.0, actual    522 (1.02x) (11)
Testing collisions (high 12-bit) - Expected    2093056.0, actual 2093056 (1.00x)
Testing collisions (high  8-bit) - Expected    2096896.0, actual 2096896 (1.00x)
Testing collisions (low  12-bit) - Expected    2093056.0, actual 2093056 (1.00x)
Testing collisions (low   8-bit) - Expected    2096896.0, actual 2096896 (1.00x)

Testing bit 19
Testing collisions ( 32-bit) - Expected  512.0, actual    476 (0.93x)
Testing collisions (high 12-bit) - Expected    2093056.0, actual 2093056 (1.00x)
Testing collisions (high  8-bit) - Expected    2096896.0, actual 2096896 (1.00x)
Testing collisions (low  12-bit) - Expected    2093056.0, actual 2093056 (1.00x)
Testing collisions (low   8-bit) - Expected    2096896.0, actual 2096896 (1.00x)

Testing bit 20
Testing collisions ( 32-bit) - Expected  512.0, actual    520 (1.02x) (9)
Testing collisions (high 12-bit) - Expected    2093056.0, actual 2093056 (1.00x)
Testing collisions (high  8-bit) - Expected    2096896.0, actual 2096896 (1.00x)
Testing collisions (low  12-bit) - Expected    2093056.0, actual 2093056 (1.00x)
Testing collisions (low   8-bit) - Expected    2096896.0, actual 2096896 (1.00x)

Testing bit 21
Testing collisions ( 32-bit) - Expected  512.0, actual    539 (1.05x) (28)
Testing collisions (high 12-bit) - Expected    2093056.0, actual 2093056 (1.00x)
Testing collisions (high  8-bit) - Expected    2096896.0, actual 2096896 (1.00x)
Testing collisions (low  12-bit) - Expected    2093056.0, actual 2093056 (1.00x)
Testing collisions (low   8-bit) - Expected    2096896.0, actual 2096896 (1.00x)

Testing bit 22
Testing collisions ( 32-bit) - Expected  512.0, actual    528 (1.03x) (17)
Testing collisions (high 12-bit) - Expected    2093056.0, actual 2093056 (1.00x)
Testing collisions (high  8-bit) - Expected    2096896.0, actual 2096896 (1.00x)
Testing collisions (low  12-bit) - Expected    2093056.0, actual 2093056 (1.00x)
Testing collisions (low   8-bit) - Expected    2096896.0, actual 2096896 (1.00x)

Testing bit 23
Testing collisions ( 32-bit) - Expected  512.0, actual    519 (1.01x) (8)
Testing collisions (high 12-bit) - Expected    2093056.0, actual 2093056 (1.00x)
Testing collisions (high  8-bit) - Expected    2096896.0, actual 2096896 (1.00x)
Testing collisions (low  12-bit) - Expected    2093056.0, actual 2093056 (1.00x)
Testing collisions (low   8-bit) - Expected    2096896.0, actual 2096896 (1.00x)

Testing bit 24
Testing collisions ( 32-bit) - Expected  512.0, actual    528 (1.03x) (17)
Testing collisions (high 12-bit) - Expected    2093056.0, actual 2093056 (1.00x)
Testing collisions (high  8-bit) - Expected    2096896.0, actual 2096896 (1.00x)
Testing collisions (low  12-bit) - Expected    2093056.0, actual 2093056 (1.00x)
Testing collisions (low   8-bit) - Expected    2096896.0, actual 2096896 (1.00x)

Testing bit 25
Testing collisions ( 32-bit) - Expected  512.0, actual    462 (0.90x)
Testing collisions (high 12-bit) - Expected    2093056.0, actual 2093056 (1.00x)
Testing collisions (high  8-bit) - Expected    2096896.0, actual 2096896 (1.00x)
Testing collisions (low  12-bit) - Expected    2093056.0, actual 2093056 (1.00x)
Testing collisions (low   8-bit) - Expected    2096896.0, actual 2096896 (1.00x)

Testing bit 26
Testing collisions ( 32-bit) - Expected  512.0, actual    518 (1.01x) (7)
Testing collisions (high 12-bit) - Expected    2093056.0, actual 2093056 (1.00x)
Testing collisions (high  8-bit) - Expected    2096896.0, actual 2096896 (1.00x)
Testing collisions (low  12-bit) - Expected    2093056.0, actual 2093056 (1.00x)
Testing collisions (low   8-bit) - Expected    2096896.0, actual 2096896 (1.00x)

Testing bit 27
Testing collisions ( 32-bit) - Expected  512.0, actual    501 (0.98x)
Testing collisions (high 12-bit) - Expected    2093056.0, actual 2093056 (1.00x)
Testing collisions (high  8-bit) - Expected    2096896.0, actual 2096896 (1.00x)
Testing collisions (low  12-bit) - Expected    2093056.0, actual 2093056 (1.00x)
Testing collisions (low   8-bit) - Expected    2096896.0, actual 2096896 (1.00x)

Testing bit 28
Testing collisions ( 32-bit) - Expected  512.0, actual    505 (0.99x) (-6)
Testing collisions (high 12-bit) - Expected    2093056.0, actual 2093056 (1.00x)
Testing collisions (high  8-bit) - Expected    2096896.0, actual 2096896 (1.00x)
Testing collisions (low  12-bit) - Expected    2093056.0, actual 2093056 (1.00x)
Testing collisions (low   8-bit) - Expected    2096896.0, actual 2096896 (1.00x)

Testing bit 29
Testing collisions ( 32-bit) - Expected  512.0, actual    511 (1.00x)
Testing collisions (high 12-bit) - Expected    2093056.0, actual 2093056 (1.00x)
Testing collisions (high  8-bit) - Expected    2096896.0, actual 2096896 (1.00x)
Testing collisions (low  12-bit) - Expected    2093056.0, actual 2093056 (1.00x)
Testing collisions (low   8-bit) - Expected    2096896.0, actual 2096896 (1.00x)

Testing bit 30
Testing collisions ( 32-bit) - Expected  512.0, actual    514 (1.00x) (3)
Testing collisions (high 12-bit) - Expected    2093056.0, actual 2093056 (1.00x)
Testing collisions (high  8-bit) - Expected    2096896.0, actual 2096896 (1.00x)
Testing collisions (low  12-bit) - Expected    2093056.0, actual 2093056 (1.00x)
Testing collisions (low   8-bit) - Expected    2096896.0, actual 2096896 (1.00x)

Testing bit 31
Testing collisions ( 32-bit) - Expected  512.0, actual    515 (1.01x) (4)
Testing collisions (high 12-bit) - Expected    2093056.0, actual 2093056 (1.00x)
Testing collisions (high  8-bit) - Expected    2096896.0, actual 2096896 (1.00x)
Testing collisions (low  12-bit) - Expected    2093056.0, actual 2093056 (1.00x)
Testing collisions (low   8-bit) - Expected    2096896.0, actual 2096896 (1.00x)

Testing bit 32
Testing collisions ( 32-bit) - Expected  512.0, actual    530 (1.04x) (19)
Testing collisions (high 12-bit) - Expected    2093056.0, actual 2093056 (1.00x)
Testing collisions (high  8-bit) - Expected    2096896.0, actual 2096896 (1.00x)
Testing collisions (low  12-bit) - Expected    2093056.0, actual 2093056 (1.00x)
Testing collisions (low   8-bit) - Expected    2096896.0, actual 2096896 (1.00x)

Testing bit 33
Testing collisions ( 32-bit) - Expected  512.0, actual    526 (1.03x) (15)
Testing collisions (high 12-bit) - Expected    2093056.0, actual 2093056 (1.00x)
Testing collisions (high  8-bit) - Expected    2096896.0, actual 2096896 (1.00x)
Testing collisions (low  12-bit) - Expected    2093056.0, actual 2093056 (1.00x)
Testing collisions (low   8-bit) - Expected    2096896.0, actual 2096896 (1.00x)

Testing bit 34
Testing collisions ( 32-bit) - Expected  512.0, actual    491 (0.96x)
Testing collisions (high 12-bit) - Expected    2093056.0, actual 2093056 (1.00x)
Testing collisions (high  8-bit) - Expected    2096896.0, actual 2096896 (1.00x)
Testing collisions (low  12-bit) - Expected    2093056.0, actual 2093056 (1.00x)
Testing collisions (low   8-bit) - Expected    2096896.0, actual 2096896 (1.00x)

Testing bit 35
Testing collisions ( 32-bit) - Expected  512.0, actual    481 (0.94x)
Testing collisions (high 12-bit) - Expected    2093056.0, actual 2093056 (1.00x)
Testing collisions (high  8-bit) - Expected    2096896.0, actual 2096896 (1.00x)
Testing collisions (low  12-bit) - Expected    2093056.0, actual 2093056 (1.00x)
Testing collisions (low   8-bit) - Expected    2096896.0, actual 2096896 (1.00x)

Testing bit 36
Testing collisions ( 32-bit) - Expected  512.0, actual    510 (1.00x) (-1)
Testing collisions (high 12-bit) - Expected    2093056.0, actual 2093056 (1.00x)
Testing collisions (high  8-bit) - Expected    2096896.0, actual 2096896 (1.00x)
Testing collisions (low  12-bit) - Expected    2093056.0, actual 2093056 (1.00x)
Testing collisions (low   8-bit) - Expected    2096896.0, actual 2096896 (1.00x)

Testing bit 37
Testing collisions ( 32-bit) - Expected  512.0, actual    524 (1.02x) (13)
Testing collisions (high 12-bit) - Expected    2093056.0, actual 2093056 (1.00x)
Testing collisions (high  8-bit) - Expected    2096896.0, actual 2096896 (1.00x)
Testing collisions (low  12-bit) - Expected    2093056.0, actual 2093056 (1.00x)
Testing collisions (low   8-bit) - Expected    2096896.0, actual 2096896 (1.00x)

Testing bit 38
Testing collisions ( 32-bit) - Expected  512.0, actual    512 (1.00x) (1)
Testing collisions (high 12-bit) - Expected    2093056.0, actual 2093056 (1.00x)
Testing collisions (high  8-bit) - Expected    2096896.0, actual 2096896 (1.00x)
Testing collisions (low  12-bit) - Expected    2093056.0, actual 2093056 (1.00x)
Testing collisions (low   8-bit) - Expected    2096896.0, actual 2096896 (1.00x)

Testing bit 39
Testing collisions ( 32-bit) - Expected  512.0, actual    542 (1.06x) (31)
Testing collisions (high 12-bit) - Expected    2093056.0, actual 2093056 (1.00x)
Testing collisions (high  8-bit) - Expected    2096896.0, actual 2096896 (1.00x)
Testing collisions (low  12-bit) - Expected    2093056.0, actual 2093056 (1.00x)
Testing collisions (low   8-bit) - Expected    2096896.0, actual 2096896 (1.00x)

Testing bit 40
Testing collisions ( 32-bit) - Expected  512.0, actual    492 (0.96x)
Testing collisions (high 12-bit) - Expected    2093056.0, actual 2093056 (1.00x)
Testing collisions (high  8-bit) - Expected    2096896.0, actual 2096896 (1.00x)
Testing collisions (low  12-bit) - Expected    2093056.0, actual 2093056 (1.00x)
Testing collisions (low   8-bit) - Expected    2096896.0, actual 2096896 (1.00x)

Testing bit 41
Testing collisions ( 32-bit) - Expected  512.0, actual    500 (0.98x)
Testing collisions (high 12-bit) - Expected    2093056.0, actual 2093056 (1.00x)
Testing collisions (high  8-bit) - Expected    2096896.0, actual 2096896 (1.00x)
Testing collisions (low  12-bit) - Expected    2093056.0, actual 2093056 (1.00x)
Testing collisions (low   8-bit) - Expected    2096896.0, actual 2096896 (1.00x)

Testing bit 42
Testing collisions ( 32-bit) - Expected  512.0, actual    522 (1.02x) (11)
Testing collisions (high 12-bit) - Expected    2093056.0, actual 2093056 (1.00x)
Testing collisions (high  8-bit) - Expected    2096896.0, actual 2096896 (1.00x)
Testing collisions (low  12-bit) - Expected    2093056.0, actual 2093056 (1.00x)
Testing collisions (low   8-bit) - Expected    2096896.0, actual 2096896 (1.00x)

Testing bit 43
Testing collisions ( 32-bit) - Expected  512.0, actual    520 (1.02x) (9)
Testing collisions (high 12-bit) - Expected    2093056.0, actual 2093056 (1.00x)
Testing collisions (high  8-bit) - Expected    2096896.0, actual 2096896 (1.00x)
Testing collisions (low  12-bit) - Expected    2093056.0, actual 2093056 (1.00x)
Testing collisions (low   8-bit) - Expected    2096896.0, actual 2096896 (1.00x)

Testing bit 44
Testing collisions ( 32-bit) - Expected  512.0, actual    524 (1.02x) (13)
Testing collisions (high 12-bit) - Expected    2093056.0, actual 2093056 (1.00x)
Testing collisions (high  8-bit) - Expected    2096896.0, actual 2096896 (1.00x)
Testing collisions (low  12-bit) - Expected    2093056.0, actual 2093056 (1.00x)
Testing collisions (low   8-bit) - Expected    2096896.0, actual 2096896 (1.00x)

Testing bit 45
Testing collisions ( 32-bit) - Expected  512.0, actual    554 (1.08x) (43)
Testing collisions (high 12-bit) - Expected    2093056.0, actual 2093056 (1.00x)
Testing collisions (high  8-bit) - Expected    2096896.0, actual 2096896 (1.00x)
Testing collisions (low  12-bit) - Expected    2093056.0, actual 2093056 (1.00x)
Testing collisions (low   8-bit) - Expected    2096896.0, actual 2096896 (1.00x)

Testing bit 46
Testing collisions ( 32-bit) - Expected  512.0, actual    482 (0.94x)
Testing collisions (high 12-bit) - Expected    2093056.0, actual 2093056 (1.00x)
Testing collisions (high  8-bit) - Expected    2096896.0, actual 2096896 (1.00x)
Testing collisions (low  12-bit) - Expected    2093056.0, actual 2093056 (1.00x)
Testing collisions (low   8-bit) - Expected    2096896.0, actual 2096896 (1.00x)

Testing bit 47
Testing collisions ( 32-bit) - Expected  512.0, actual    478 (0.93x)
Testing collisions (high 12-bit) - Expected    2093056.0, actual 2093056 (1.00x)
Testing collisions (high  8-bit) - Expected    2096896.0, actual 2096896 (1.00x)
Testing collisions (low  12-bit) - Expected    2093056.0, actual 2093056 (1.00x)
Testing collisions (low   8-bit) - Expected    2096896.0, actual 2096896 (1.00x)

Testing bit 48
Testing collisions ( 32-bit) - Expected  512.0, actual    523 (1.02x) (12)
Testing collisions (high 12-bit) - Expected    2093056.0, actual 2093056 (1.00x)
Testing collisions (high  8-bit) - Expected    2096896.0, actual 2096896 (1.00x)
Testing collisions (low  12-bit) - Expected    2093056.0, actual 2093056 (1.00x)
Testing collisions (low   8-bit) - Expected    2096896.0, actual 2096896 (1.00x)

Testing bit 49
Testing collisions ( 32-bit) - Expected  512.0, actual    558 (1.09x) (47)
Testing collisions (high 12-bit) - Expected    2093056.0, actual 2093056 (1.00x)
Testing collisions (high  8-bit) - Expected    2096896.0, actual 2096896 (1.00x)
Testing collisions (low  12-bit) - Expected    2093056.0, actual 2093056 (1.00x)
Testing collisions (low   8-bit) - Expected    2096896.0, actual 2096896 (1.00x)

Testing bit 50
Testing collisions ( 32-bit) - Expected  512.0, actual    531 (1.04x) (20)
Testing collisions (high 12-bit) - Expected    2093056.0, actual 2093056 (1.00x)
Testing collisions (high  8-bit) - Expected    2096896.0, actual 2096896 (1.00x)
Testing collisions (low  12-bit) - Expected    2093056.0, actual 2093056 (1.00x)
Testing collisions (low   8-bit) - Expected    2096896.0, actual 2096896 (1.00x)

Testing bit 51
Testing collisions ( 32-bit) - Expected  512.0, actual    554 (1.08x) (43)
Testing collisions (high 12-bit) - Expected    2093056.0, actual 2093056 (1.00x)
Testing collisions (high  8-bit) - Expected    2096896.0, actual 2096896 (1.00x)
Testing collisions (low  12-bit) - Expected    2093056.0, actual 2093056 (1.00x)
Testing collisions (low   8-bit) - Expected    2096896.0, actual 2096896 (1.00x)

Testing bit 52
Testing collisions ( 32-bit) - Expected  512.0, actual    493 (0.96x)
Testing collisions (high 12-bit) - Expected    2093056.0, actual 2093056 (1.00x)
Testing collisions (high  8-bit) - Expected    2096896.0, actual 2096896 (1.00x)
Testing collisions (low  12-bit) - Expected    2093056.0, actual 2093056 (1.00x)
Testing collisions (low   8-bit) - Expected    2096896.0, actual 2096896 (1.00x)

Testing bit 53
Testing collisions ( 32-bit) - Expected  512.0, actual    516 (1.01x) (5)
Testing collisions (high 12-bit) - Expected    2093056.0, actual 2093056 (1.00x)
Testing collisions (high  8-bit) - Expected    2096896.0, actual 2096896 (1.00x)
Testing collisions (low  12-bit) - Expected    2093056.0, actual 2093056 (1.00x)
Testing collisions (low   8-bit) - Expected    2096896.0, actual 2096896 (1.00x)

Testing bit 54
Testing collisions ( 32-bit) - Expected  512.0, actual    513 (1.00x) (2)
Testing collisions (high 12-bit) - Expected    2093056.0, actual 2093056 (1.00x)
Testing collisions (high  8-bit) - Expected    2096896.0, actual 2096896 (1.00x)
Testing collisions (low  12-bit) - Expected    2093056.0, actual 2093056 (1.00x)
Testing collisions (low   8-bit) - Expected    2096896.0, actual 2096896 (1.00x)

Testing bit 55
Testing collisions ( 32-bit) - Expected  512.0, actual    462 (0.90x)
Testing collisions (high 12-bit) - Expected    2093056.0, actual 2093056 (1.00x)
Testing collisions (high  8-bit) - Expected    2096896.0, actual 2096896 (1.00x)
Testing collisions (low  12-bit) - Expected    2093056.0, actual 2093056 (1.00x)
Testing collisions (low   8-bit) - Expected    2096896.0, actual 2096896 (1.00x)

Testing bit 56
Testing collisions ( 32-bit) - Expected  512.0, actual    512 (1.00x) (1)
Testing collisions (high 12-bit) - Expected    2093056.0, actual 2093056 (1.00x)
Testing collisions (high  8-bit) - Expected    2096896.0, actual 2096896 (1.00x)
Testing collisions (low  12-bit) - Expected    2093056.0, actual 2093056 (1.00x)
Testing collisions (low   8-bit) - Expected    2096896.0, actual 2096896 (1.00x)

Testing bit 57
Testing collisions ( 32-bit) - Expected  512.0, actual    501 (0.98x)
Testing collisions (high 12-bit) - Expected    2093056.0, actual 2093056 (1.00x)
Testing collisions (high  8-bit) - Expected    2096896.0, actual 2096896 (1.00x)
Testing collisions (low  12-bit) - Expected    2093056.0, actual 2093056 (1.00x)
Testing collisions (low   8-bit) - Expected    2096896.0, actual 2096896 (1.00x)

Testing bit 58
Testing collisions ( 32-bit) - Expected  512.0, actual    509 (0.99x) (-2)
Testing collisions (high 12-bit) - Expected    2093056.0, actual 2093056 (1.00x)
Testing collisions (high  8-bit) - Expected    2096896.0, actual 2096896 (1.00x)
Testing collisions (low  12-bit) - Expected    2093056.0, actual 2093056 (1.00x)
Testing collisions (low   8-bit) - Expected    2096896.0, actual 2096896 (1.00x)

Testing bit 59
Testing collisions ( 32-bit) - Expected  512.0, actual    551 (1.08x) (40)
Testing collisions (high 12-bit) - Expected    2093056.0, actual 2093056 (1.00x)
Testing collisions (high  8-bit) - Expected    2096896.0, actual 2096896 (1.00x)
Testing collisions (low  12-bit) - Expected    2093056.0, actual 2093056 (1.00x)
Testing collisions (low   8-bit) - Expected    2096896.0, actual 2096896 (1.00x)

Testing bit 60
Testing collisions ( 32-bit) - Expected  512.0, actual    508 (0.99x) (-3)
Testing collisions (high 12-bit) - Expected    2093056.0, actual 2093056 (1.00x)
Testing collisions (high  8-bit) - Expected    2096896.0, actual 2096896 (1.00x)
Testing collisions (low  12-bit) - Expected    2093056.0, actual 2093056 (1.00x)
Testing collisions (low   8-bit) - Expected    2096896.0, actual 2096896 (1.00x)

Testing bit 61
Testing collisions ( 32-bit) - Expected  512.0, actual    478 (0.93x)
Testing collisions (high 12-bit) - Expected    2093056.0, actual 2093056 (1.00x)
Testing collisions (high  8-bit) - Expected    2096896.0, actual 2096896 (1.00x)
Testing collisions (low  12-bit) - Expected    2093056.0, actual 2093056 (1.00x)
Testing collisions (low   8-bit) - Expected    2096896.0, actual 2096896 (1.00x)

Testing bit 62
Testing collisions ( 32-bit) - Expected  512.0, actual    524 (1.02x) (13)
Testing collisions (high 12-bit) - Expected    2093056.0, actual 2093056 (1.00x)
Testing collisions (high  8-bit) - Expected    2096896.0, actual 2096896 (1.00x)
Testing collisions (low  12-bit) - Expected    2093056.0, actual 2093056 (1.00x)
Testing collisions (low   8-bit) - Expected    2096896.0, actual 2096896 (1.00x)

Testing bit 63
Testing collisions ( 32-bit) - Expected  512.0, actual    485 (0.95x)
Testing collisions (high 12-bit) - Expected    2093056.0, actual 2093056 (1.00x)
Testing collisions (high  8-bit) - Expected    2096896.0, actual 2096896 (1.00x)
Testing collisions (low  12-bit) - Expected    2093056.0, actual 2093056 (1.00x)
Testing collisions (low   8-bit) - Expected    2096896.0, actual 2096896 (1.00x)


[[[ MomentChi2 Tests ]]]

Analyze hashes produced from a serie of linearly increasing numbers of 32-bit, using a step of 2 ... 
Target values to approximate : 1391290.000000 - 686.666667 
4 threads starting...  done
Popcount 1 stats : 1391294.309392 - 687.295733
Popcount 0 stats : 1391306.605231 - 687.319615
MomentChi2 for bits 1 :  0.0135163 
MomentChi2 for bits 0 :  0.200682 

Derivative stats (transition from 2 consecutive values) : 
Popcount 1 stats : 1391276.272627 - 687.254874
Popcount 0 stats : 1391308.958403 - 687.311687
MomentChi2 for deriv b1 :  0.137155 
MomentChi2 for deriv b0 :  0.261592 

  Great !! 


[[[ Prng Tests ]]]

The PRNG test is designed for hashes >= 64-bit 

[[[ BadSeeds Tests ]]]

Testing 0 internal secrets:
0x0 PASS


Input vcode 0x00000001, Output vcode 0x00000001, Result vcode 0x00000001
Verification value is 0x00000001 - Testing took 873.713137 seconds
-------------------------------------------------------------------------------
